2022-02-21 09:36:45.2934||INFO|Microsoft.Hosting.Lifetime|Now listening on: https://localhost:5001 
2022-02-21 09:36:45.3139||INFO|Microsoft.Hosting.Lifetime|Now listening on: http://localhost:5000 
2022-02-21 09:36:45.3154||INFO|Microsoft.Hosting.Lifetime|Application started. Press Ctrl+C to shut down. 
2022-02-21 09:36:45.3154||INFO|Microsoft.Hosting.Lifetime|Hosting environment: Development 
2022-02-21 09:36:45.3154||INFO|Microsoft.Hosting.Lifetime|Content root path: /home/yusufcan/Masaüstü/Ofisprojesi-master 
2022-02-21 11:16:54.1724||INFO|Microsoft.Hosting.Lifetime|Now listening on: https://localhost:5001 
2022-02-21 11:16:54.2002||INFO|Microsoft.Hosting.Lifetime|Now listening on: http://localhost:5000 
2022-02-21 11:16:54.2002||INFO|Microsoft.Hosting.Lifetime|Application started. Press Ctrl+C to shut down. 
2022-02-21 11:16:54.2002||INFO|Microsoft.Hosting.Lifetime|Hosting environment: Development 
2022-02-21 11:16:54.2002||INFO|Microsoft.Hosting.Lifetime|Content root path: /home/yusufcan/Masaüstü/Ofisprojesi-master 
2022-02-21 11:39:36.6217||INFO|Microsoft.Hosting.Lifetime|Now listening on: https://localhost:5001 
2022-02-21 11:39:36.6436||INFO|Microsoft.Hosting.Lifetime|Now listening on: http://localhost:5000 
2022-02-21 11:39:36.6436||INFO|Microsoft.Hosting.Lifetime|Application started. Press Ctrl+C to shut down. 
2022-02-21 11:39:36.6436||INFO|Microsoft.Hosting.Lifetime|Hosting environment: Development 
2022-02-21 11:39:36.6436||INFO|Microsoft.Hosting.Lifetime|Content root path: /home/yusufcan/Masaüstü/Ofisprojesi-master 
2022-02-21 14:40:22.8594||INFO|Microsoft.Hosting.Lifetime|Now listening on: https://localhost:5001 
2022-02-21 14:40:22.8817||INFO|Microsoft.Hosting.Lifetime|Now listening on: http://localhost:5000 
2022-02-21 14:40:22.8817||INFO|Microsoft.Hosting.Lifetime|Application started. Press Ctrl+C to shut down. 
2022-02-21 14:40:22.8831||INFO|Microsoft.Hosting.Lifetime|Hosting environment: Development 
2022-02-21 14:40:22.8831||INFO|Microsoft.Hosting.Lifetime|Content root path: /home/yusufcan/Masaüstü/Ofisprojesi-master 
2022-02-21 14:42:16.7344||INFO|Microsoft.Hosting.Lifetime|Now listening on: https://localhost:5001 
2022-02-21 14:42:16.7616||INFO|Microsoft.Hosting.Lifetime|Now listening on: http://localhost:5000 
2022-02-21 14:42:16.7616||INFO|Microsoft.Hosting.Lifetime|Application started. Press Ctrl+C to shut down. 
2022-02-21 14:42:16.7631||INFO|Microsoft.Hosting.Lifetime|Hosting environment: Development 
2022-02-21 14:42:16.7631||INFO|Microsoft.Hosting.Lifetime|Content root path: /home/yusufcan/Masaüstü/Ofisprojesi-master 
2022-02-21 17:16:09.9619||INFO|Microsoft.Hosting.Lifetime|Now listening on: https://localhost:5001 
2022-02-21 17:16:09.9836||INFO|Microsoft.Hosting.Lifetime|Now listening on: http://localhost:5000 
2022-02-21 17:16:09.9836||INFO|Microsoft.Hosting.Lifetime|Application started. Press Ctrl+C to shut down. 
2022-02-21 17:16:09.9836||INFO|Microsoft.Hosting.Lifetime|Hosting environment: Development 
2022-02-21 17:16:09.9836||INFO|Microsoft.Hosting.Lifetime|Content root path: /home/yusufcan/Masaüstü/Ofisprojesi-master 
