2022-01-05 09:52:11.7286||INFO|Microsoft.Hosting.Lifetime|Now listening on: https://localhost:5001 
2022-01-05 09:52:11.7589||INFO|Microsoft.Hosting.Lifetime|Now listening on: http://localhost:5000 
2022-01-05 09:52:11.7589||INFO|Microsoft.Hosting.Lifetime|Application started. Press Ctrl+C to shut down. 
2022-01-05 09:52:11.7589||INFO|Microsoft.Hosting.Lifetime|Hosting environment: Development 
2022-01-05 09:52:11.7589||INFO|Microsoft.Hosting.Lifetime|Content root path: /home/yusufcan/Masaüstü/Ofisprojesi-master 
2022-01-05 11:05:53.6373||INFO|Microsoft.Hosting.Lifetime|Now listening on: https://localhost:5001 
2022-01-05 11:05:53.6599||INFO|Microsoft.Hosting.Lifetime|Now listening on: http://localhost:5000 
2022-01-05 11:05:53.6599||INFO|Microsoft.Hosting.Lifetime|Application started. Press Ctrl+C to shut down. 
2022-01-05 11:05:53.6599||INFO|Microsoft.Hosting.Lifetime|Hosting environment: Development 
2022-01-05 11:05:53.6612||INFO|Microsoft.Hosting.Lifetime|Content root path: /home/yusufcan/Masaüstü/Ofisprojesi-master 
2022-01-05 11:09:15.3992||INFO|Microsoft.Hosting.Lifetime|Now listening on: https://localhost:5001 
2022-01-05 11:09:15.4244||INFO|Microsoft.Hosting.Lifetime|Now listening on: http://localhost:5000 
2022-01-05 11:09:15.4260||INFO|Microsoft.Hosting.Lifetime|Application started. Press Ctrl+C to shut down. 
2022-01-05 11:09:15.4260||INFO|Microsoft.Hosting.Lifetime|Hosting environment: Development 
2022-01-05 11:09:15.4260||INFO|Microsoft.Hosting.Lifetime|Content root path: /home/yusufcan/Masaüstü/Ofisprojesi-master 
2022-01-05 11:26:43.4215||INFO|Microsoft.Hosting.Lifetime|Now listening on: https://localhost:5001 
2022-01-05 11:26:43.4448||INFO|Microsoft.Hosting.Lifetime|Now listening on: http://localhost:5000 
2022-01-05 11:26:43.4459||INFO|Microsoft.Hosting.Lifetime|Application started. Press Ctrl+C to shut down. 
2022-01-05 11:26:43.4459||INFO|Microsoft.Hosting.Lifetime|Hosting environment: Development 
2022-01-05 11:26:43.4459||INFO|Microsoft.Hosting.Lifetime|Content root path: /home/yusufcan/Masaüstü/Ofisprojesi-master 
2022-01-05 11:39:08.1658||INFO|Microsoft.Hosting.Lifetime|Now listening on: https://localhost:5001 
2022-01-05 11:39:08.1899||INFO|Microsoft.Hosting.Lifetime|Now listening on: http://localhost:5000 
2022-01-05 11:39:08.1899||INFO|Microsoft.Hosting.Lifetime|Application started. Press Ctrl+C to shut down. 
2022-01-05 11:39:08.1899||INFO|Microsoft.Hosting.Lifetime|Hosting environment: Development 
2022-01-05 11:39:08.1899||INFO|Microsoft.Hosting.Lifetime|Content root path: /home/yusufcan/Masaüstü/Ofisprojesi-master 
2022-01-05 11:40:45.1337||INFO|Microsoft.Hosting.Lifetime|Now listening on: https://localhost:5001 
2022-01-05 11:40:45.1556||INFO|Microsoft.Hosting.Lifetime|Now listening on: http://localhost:5000 
2022-01-05 11:40:45.1556||INFO|Microsoft.Hosting.Lifetime|Application started. Press Ctrl+C to shut down. 
2022-01-05 11:40:45.1556||INFO|Microsoft.Hosting.Lifetime|Hosting environment: Development 
2022-01-05 11:40:45.1556||INFO|Microsoft.Hosting.Lifetime|Content root path: /home/yusufcan/Masaüstü/Ofisprojesi-master 
2022-01-05 11:48:28.0111||INFO|Microsoft.Hosting.Lifetime|Now listening on: https://localhost:5001 
2022-01-05 11:48:28.0427||INFO|Microsoft.Hosting.Lifetime|Now listening on: http://localhost:5000 
2022-01-05 11:48:28.0427||INFO|Microsoft.Hosting.Lifetime|Application started. Press Ctrl+C to shut down. 
2022-01-05 11:48:28.0427||INFO|Microsoft.Hosting.Lifetime|Hosting environment: Development 
2022-01-05 11:48:28.0427||INFO|Microsoft.Hosting.Lifetime|Content root path: /home/yusufcan/Masaüstü/Ofisprojesi-master 
2022-01-05 11:50:13.1203||INFO|Microsoft.Hosting.Lifetime|Now listening on: https://localhost:5001 
2022-01-05 11:50:13.1432||INFO|Microsoft.Hosting.Lifetime|Now listening on: http://localhost:5000 
2022-01-05 11:50:13.1432||INFO|Microsoft.Hosting.Lifetime|Application started. Press Ctrl+C to shut down. 
2022-01-05 11:50:13.1432||INFO|Microsoft.Hosting.Lifetime|Hosting environment: Development 
2022-01-05 11:50:13.1432||INFO|Microsoft.Hosting.Lifetime|Content root path: /home/yusufcan/Masaüstü/Ofisprojesi-master 
2022-01-05 14:20:28.6799||INFO|Microsoft.Hosting.Lifetime|Now listening on: https://localhost:5001 
2022-01-05 14:20:28.7099||INFO|Microsoft.Hosting.Lifetime|Now listening on: http://localhost:5000 
2022-01-05 14:20:28.7099||INFO|Microsoft.Hosting.Lifetime|Application started. Press Ctrl+C to shut down. 
2022-01-05 14:20:28.7099||INFO|Microsoft.Hosting.Lifetime|Hosting environment: Development 
2022-01-05 14:20:28.7099||INFO|Microsoft.Hosting.Lifetime|Content root path: /home/yusufcan/Masaüstü/Ofisprojesi-master 
2022-01-05 14:21:14.1304||INFO|Microsoft.Hosting.Lifetime|Now listening on: https://localhost:5001 
2022-01-05 14:21:14.1551||INFO|Microsoft.Hosting.Lifetime|Now listening on: http://localhost:5000 
2022-01-05 14:21:14.1551||INFO|Microsoft.Hosting.Lifetime|Application started. Press Ctrl+C to shut down. 
2022-01-05 14:21:14.1551||INFO|Microsoft.Hosting.Lifetime|Hosting environment: Development 
2022-01-05 14:21:14.1551||INFO|Microsoft.Hosting.Lifetime|Content root path: /home/yusufcan/Masaüstü/Ofisprojesi-master 
2022-01-05 15:41:19.8882||INFO|Microsoft.Hosting.Lifetime|Now listening on: https://localhost:5001 
2022-01-05 15:41:19.9118||INFO|Microsoft.Hosting.Lifetime|Now listening on: http://localhost:5000 
2022-01-05 15:41:19.9134||INFO|Microsoft.Hosting.Lifetime|Application started. Press Ctrl+C to shut down. 
2022-01-05 15:41:19.9134||INFO|Microsoft.Hosting.Lifetime|Hosting environment: Development 
2022-01-05 15:41:19.9134||INFO|Microsoft.Hosting.Lifetime|Content root path: /home/yusufcan/Masaüstü/Ofisprojesi-master 
2022-01-05 15:47:24.0524||INFO|Microsoft.Hosting.Lifetime|Now listening on: https://localhost:5001 
2022-01-05 15:47:24.0819||INFO|Microsoft.Hosting.Lifetime|Now listening on: http://localhost:5000 
2022-01-05 15:47:24.0819||INFO|Microsoft.Hosting.Lifetime|Application started. Press Ctrl+C to shut down. 
2022-01-05 15:47:24.0819||INFO|Microsoft.Hosting.Lifetime|Hosting environment: Development 
2022-01-05 15:47:24.0819||INFO|Microsoft.Hosting.Lifetime|Content root path: /home/yusufcan/Masaüstü/Ofisprojesi-master 
2022-01-05 15:49:38.0288||INFO|Microsoft.Hosting.Lifetime|Now listening on: https://localhost:5001 
2022-01-05 15:49:38.0566||INFO|Microsoft.Hosting.Lifetime|Now listening on: http://localhost:5000 
2022-01-05 15:49:38.0577||INFO|Microsoft.Hosting.Lifetime|Application started. Press Ctrl+C to shut down. 
2022-01-05 15:49:38.0577||INFO|Microsoft.Hosting.Lifetime|Hosting environment: Development 
2022-01-05 15:49:38.0577||INFO|Microsoft.Hosting.Lifetime|Content root path: /home/yusufcan/Masaüstü/Ofisprojesi-master 
2022-01-05 15:52:24.0427||INFO|Microsoft.Hosting.Lifetime|Now listening on: https://localhost:5001 
2022-01-05 15:52:24.0641||INFO|Microsoft.Hosting.Lifetime|Now listening on: http://localhost:5000 
2022-01-05 15:52:24.0654||INFO|Microsoft.Hosting.Lifetime|Application started. Press Ctrl+C to shut down. 
2022-01-05 15:52:24.0654||INFO|Microsoft.Hosting.Lifetime|Hosting environment: Development 
2022-01-05 15:52:24.0654||INFO|Microsoft.Hosting.Lifetime|Content root path: /home/yusufcan/Masaüstü/Ofisprojesi-master 
2022-01-05 16:36:32.8884||INFO|Microsoft.Hosting.Lifetime|Now listening on: https://localhost:5001 
2022-01-05 16:36:32.9107||INFO|Microsoft.Hosting.Lifetime|Now listening on: http://localhost:5000 
2022-01-05 16:36:32.9107||INFO|Microsoft.Hosting.Lifetime|Application started. Press Ctrl+C to shut down. 
2022-01-05 16:36:32.9107||INFO|Microsoft.Hosting.Lifetime|Hosting environment: Development 
2022-01-05 16:36:32.9107||INFO|Microsoft.Hosting.Lifetime|Content root path: /home/yusufcan/Masaüstü/Ofisprojesi-master 
2022-01-05 17:30:06.6835||INFO|Microsoft.Hosting.Lifetime|Now listening on: https://localhost:5001 
2022-01-05 17:30:06.7377||INFO|Microsoft.Hosting.Lifetime|Now listening on: http://localhost:5000 
2022-01-05 17:30:06.7377||INFO|Microsoft.Hosting.Lifetime|Application started. Press Ctrl+C to shut down. 
2022-01-05 17:30:06.7377||INFO|Microsoft.Hosting.Lifetime|Hosting environment: Development 
2022-01-05 17:30:06.7377||INFO|Microsoft.Hosting.Lifetime|Content root path: /home/yusufcan/Masaüstü/Ofisprojesi-master 
2022-01-05 17:47:28.3078||INFO|Microsoft.Hosting.Lifetime|Now listening on: https://localhost:5001 
2022-01-05 17:47:28.3331||INFO|Microsoft.Hosting.Lifetime|Now listening on: http://localhost:5000 
2022-01-05 17:47:28.3354||INFO|Microsoft.Hosting.Lifetime|Application started. Press Ctrl+C to shut down. 
2022-01-05 17:47:28.3354||INFO|Microsoft.Hosting.Lifetime|Hosting environment: Development 
2022-01-05 17:47:28.3354||INFO|Microsoft.Hosting.Lifetime|Content root path: /home/yusufcan/Masaüstü/Ofisprojesi-master 
2022-01-05 17:49:10.9051||INFO|Microsoft.Hosting.Lifetime|Now listening on: https://localhost:5001 
2022-01-05 17:49:10.9271||INFO|Microsoft.Hosting.Lifetime|Now listening on: http://localhost:5000 
2022-01-05 17:49:10.9271||INFO|Microsoft.Hosting.Lifetime|Application started. Press Ctrl+C to shut down. 
2022-01-05 17:49:10.9271||INFO|Microsoft.Hosting.Lifetime|Hosting environment: Development 
2022-01-05 17:49:10.9271||INFO|Microsoft.Hosting.Lifetime|Content root path: /home/yusufcan/Masaüstü/Ofisprojesi-master 
