2022-02-16 11:26:31.3036||INFO|Microsoft.Hosting.Lifetime|Now listening on: https://localhost:5001 
2022-02-16 11:26:31.3546||INFO|Microsoft.Hosting.Lifetime|Now listening on: http://localhost:5000 
2022-02-16 11:26:31.3572||INFO|Microsoft.Hosting.Lifetime|Application started. Press Ctrl+C to shut down. 
2022-02-16 11:26:31.3572||INFO|Microsoft.Hosting.Lifetime|Hosting environment: Development 
2022-02-16 11:26:31.3572||INFO|Microsoft.Hosting.Lifetime|Content root path: /home/yusufcan/Masaüstü/Ofisprojesi-master 
2022-02-16 14:46:19.2378||INFO|Microsoft.Hosting.Lifetime|Now listening on: https://localhost:5001 
2022-02-16 14:46:19.2616||INFO|Microsoft.Hosting.Lifetime|Now listening on: http://localhost:5000 
2022-02-16 14:46:19.2636||INFO|Microsoft.Hosting.Lifetime|Application started. Press Ctrl+C to shut down. 
2022-02-16 14:46:19.2636||INFO|Microsoft.Hosting.Lifetime|Hosting environment: Development 
2022-02-16 14:46:19.2636||INFO|Microsoft.Hosting.Lifetime|Content root path: /home/yusufcan/Masaüstü/Ofisprojesi-master 
2022-02-16 14:49:26.1354||INFO|Microsoft.Hosting.Lifetime|Now listening on: https://localhost:5001 
2022-02-16 14:49:26.1862||INFO|Microsoft.Hosting.Lifetime|Now listening on: http://localhost:5000 
2022-02-16 14:49:26.1874||INFO|Microsoft.Hosting.Lifetime|Application started. Press Ctrl+C to shut down. 
2022-02-16 14:49:26.1874||INFO|Microsoft.Hosting.Lifetime|Hosting environment: Development 
2022-02-16 14:49:26.1874||INFO|Microsoft.Hosting.Lifetime|Content root path: /home/yusufcan/Masaüstü/Ofisprojesi-master 
2022-02-16 14:49:45.0984||INFO|Microsoft.Hosting.Lifetime|Now listening on: https://localhost:5001 
2022-02-16 14:49:45.1223||INFO|Microsoft.Hosting.Lifetime|Now listening on: http://localhost:5000 
2022-02-16 14:49:45.1234||INFO|Microsoft.Hosting.Lifetime|Application started. Press Ctrl+C to shut down. 
2022-02-16 14:49:45.1234||INFO|Microsoft.Hosting.Lifetime|Hosting environment: Development 
2022-02-16 14:49:45.1234||INFO|Microsoft.Hosting.Lifetime|Content root path: /home/yusufcan/Masaüstü/Ofisprojesi-master 
2022-02-16 15:10:49.8238||INFO|Microsoft.Hosting.Lifetime|Now listening on: https://localhost:5001 
2022-02-16 15:10:49.8454||INFO|Microsoft.Hosting.Lifetime|Now listening on: http://localhost:5000 
2022-02-16 15:10:49.8454||INFO|Microsoft.Hosting.Lifetime|Application started. Press Ctrl+C to shut down. 
2022-02-16 15:10:49.8454||INFO|Microsoft.Hosting.Lifetime|Hosting environment: Development 
2022-02-16 15:10:49.8454||INFO|Microsoft.Hosting.Lifetime|Content root path: /home/yusufcan/Masaüstü/Ofisprojesi-master 
