2021-12-14 16:19:02.3688||INFO|Microsoft.Hosting.Lifetime|Now listening on: https://localhost:5001 
2021-12-14 16:19:02.3902||INFO|Microsoft.Hosting.Lifetime|Now listening on: http://localhost:5000 
2021-12-14 16:19:02.3902||INFO|Microsoft.Hosting.Lifetime|Application started. Press Ctrl+C to shut down. 
2021-12-14 16:19:02.3902||INFO|Microsoft.Hosting.Lifetime|Hosting environment: Development 
2021-12-14 16:19:02.3902||INFO|Microsoft.Hosting.Lifetime|Content root path: /home/yusufcan/Masaüstü/Ofisprojesi-master 
2021-12-14 17:30:51.9563||INFO|Microsoft.Hosting.Lifetime|Now listening on: https://localhost:5001 
2021-12-14 17:30:51.9780||INFO|Microsoft.Hosting.Lifetime|Now listening on: http://localhost:5000 
2021-12-14 17:30:51.9780||INFO|Microsoft.Hosting.Lifetime|Application started. Press Ctrl+C to shut down. 
2021-12-14 17:30:51.9780||INFO|Microsoft.Hosting.Lifetime|Hosting environment: Development 
2021-12-14 17:30:51.9780||INFO|Microsoft.Hosting.Lifetime|Content root path: /home/yusufcan/Masaüstü/Ofisprojesi-master 
2021-12-14 17:37:44.2456||ERROR|ofisprojesi.EmployeeController|UpdatePatch metodu çalıştırılamadı 
2021-12-14 17:37:56.3113||ERROR|ofisprojesi.EmployeeController|UpdatePatch metodu çalıştırılamadı 
2021-12-14 17:39:26.1082||ERROR|ofisprojesi.EmployeeController|UpdatePatch metodu çalıştırılamadı 
2021-12-14 17:39:38.2372||ERROR|ofisprojesi.EmployeeController|UpdatePatch metodu çalıştırılamadı 
2021-12-14 17:39:54.4591||ERROR|ofisprojesi.EmployeeController|UpdatePatch metodu çalıştırılamadı 
2021-12-14 17:40:19.3276||INFO|Microsoft.Hosting.Lifetime|Now listening on: https://localhost:5001 
2021-12-14 17:40:19.3801||INFO|Microsoft.Hosting.Lifetime|Now listening on: http://localhost:5000 
2021-12-14 17:40:19.3801||INFO|Microsoft.Hosting.Lifetime|Application started. Press Ctrl+C to shut down. 
2021-12-14 17:40:19.3817||INFO|Microsoft.Hosting.Lifetime|Hosting environment: Development 
2021-12-14 17:40:19.3817||INFO|Microsoft.Hosting.Lifetime|Content root path: /home/yusufcan/Masaüstü/Ofisprojesi-master 
2021-12-14 17:41:15.5497||ERROR|ofisprojesi.EmployeeController|UpdatePatch metodu çalıştırılamadı 
2021-12-14 17:42:34.9850||ERROR|ofisprojesi.EmployeeController|UpdatePatch metodu çalıştırılamadı 
2021-12-14 17:45:52.4765||ERROR|ofisprojesi.EmployeeController|UpdatePatch metodu çalıştırılamadı 
2021-12-14 17:48:05.3142||ERROR|ofisprojesi.EmployeeController|UpdatePatch metodu çalıştırılamadı 
2021-12-14 17:49:06.1583||ERROR|ofisprojesi.EmployeeController|UpdatePatch metodu çalıştırılamadı 
2021-12-14 17:52:42.8003||INFO|Microsoft.Hosting.Lifetime|Now listening on: https://localhost:5001 
2021-12-14 17:52:42.8215||INFO|Microsoft.Hosting.Lifetime|Now listening on: http://localhost:5000 
2021-12-14 17:52:42.8215||INFO|Microsoft.Hosting.Lifetime|Application started. Press Ctrl+C to shut down. 
2021-12-14 17:52:42.8215||INFO|Microsoft.Hosting.Lifetime|Hosting environment: Development 
2021-12-14 17:52:42.8215||INFO|Microsoft.Hosting.Lifetime|Content root path: /home/yusufcan/Masaüstü/Ofisprojesi-master 
2021-12-14 17:53:33.4156||ERROR|ofisprojesi.EmployeeController|UpdatePatch metodu çalıştırılamadı 
2021-12-14 17:55:27.3611||ERROR|ofisprojesi.EmployeeController|UpdatePatch metodu çalıştırılamadı 
2021-12-14 17:55:57.9606||ERROR|ofisprojesi.EmployeeController|UpdatePatch metodu çalıştırılamadı 
2021-12-14 17:56:17.8964||ERROR|ofisprojesi.EmployeeController|UpdatePatch metodu çalıştırılamadı 
2021-12-14 17:56:33.1920||ERROR|ofisprojesi.EmployeeController|UpdatePatch metodu çalıştırılamadı 
2021-12-14 17:56:42.4709||ERROR|ofisprojesi.EmployeeController|UpdatePatch metodu çalıştırılamadı 
2021-12-14 17:56:57.9572||ERROR|ofisprojesi.EmployeeController|UpdatePatch metodu çalıştırılamadı 
2021-12-14 17:58:00.1542||INFO|Microsoft.Hosting.Lifetime|Now listening on: https://localhost:5001 
2021-12-14 17:58:00.1750||INFO|Microsoft.Hosting.Lifetime|Now listening on: http://localhost:5000 
2021-12-14 17:58:00.1750||INFO|Microsoft.Hosting.Lifetime|Application started. Press Ctrl+C to shut down. 
2021-12-14 17:58:00.1750||INFO|Microsoft.Hosting.Lifetime|Hosting environment: Development 
2021-12-14 17:58:00.1750||INFO|Microsoft.Hosting.Lifetime|Content root path: /home/yusufcan/Masaüstü/Ofisprojesi-master 
2021-12-14 17:58:11.9983||ERROR|ofisprojesi.EmployeeController|UpdatePatch metodu çalıştırılamadı 
2021-12-14 18:01:30.7313||INFO|Microsoft.Hosting.Lifetime|Now listening on: https://localhost:5001 
2021-12-14 18:01:30.7545||INFO|Microsoft.Hosting.Lifetime|Now listening on: http://localhost:5000 
2021-12-14 18:01:30.7545||INFO|Microsoft.Hosting.Lifetime|Application started. Press Ctrl+C to shut down. 
2021-12-14 18:01:30.7545||INFO|Microsoft.Hosting.Lifetime|Hosting environment: Development 
2021-12-14 18:01:30.7545||INFO|Microsoft.Hosting.Lifetime|Content root path: /home/yusufcan/Masaüstü/Ofisprojesi-master 
2021-12-14 18:01:41.4452||ERROR|ofisprojesi.EmployeeController|UpdatePatch metodu çalıştırılamadı 
2021-12-14 18:02:20.9224||ERROR|ofisprojesi.EmployeeController|UpdatePatch metodu çalıştırılamadı 
