2022-02-09 10:12:21.5267||INFO|Microsoft.Hosting.Lifetime|Now listening on: https://localhost:5001 
2022-02-09 10:12:21.5508||INFO|Microsoft.Hosting.Lifetime|Now listening on: http://localhost:5000 
2022-02-09 10:12:21.5526||INFO|Microsoft.Hosting.Lifetime|Application started. Press Ctrl+C to shut down. 
2022-02-09 10:12:21.5526||INFO|Microsoft.Hosting.Lifetime|Hosting environment: Development 
2022-02-09 10:12:21.5526||INFO|Microsoft.Hosting.Lifetime|Content root path: /home/yusufcan/Masaüstü/Ofisprojesi-master 
2022-02-09 10:15:11.2002||INFO|Microsoft.Hosting.Lifetime|Now listening on: https://localhost:5001 
2022-02-09 10:15:11.2336||INFO|Microsoft.Hosting.Lifetime|Now listening on: http://localhost:5000 
2022-02-09 10:15:11.2336||INFO|Microsoft.Hosting.Lifetime|Application started. Press Ctrl+C to shut down. 
2022-02-09 10:15:11.2336||INFO|Microsoft.Hosting.Lifetime|Hosting environment: Development 
2022-02-09 10:15:11.2336||INFO|Microsoft.Hosting.Lifetime|Content root path: /home/yusufcan/Masaüstü/Ofisprojesi-master 
2022-02-09 11:40:18.0877||INFO|Microsoft.Hosting.Lifetime|Now listening on: https://localhost:5001 
2022-02-09 11:40:18.1135||INFO|Microsoft.Hosting.Lifetime|Now listening on: http://localhost:5000 
2022-02-09 11:40:18.1135||INFO|Microsoft.Hosting.Lifetime|Application started. Press Ctrl+C to shut down. 
2022-02-09 11:40:18.1135||INFO|Microsoft.Hosting.Lifetime|Hosting environment: Development 
2022-02-09 11:40:18.1135||INFO|Microsoft.Hosting.Lifetime|Content root path: /home/yusufcan/Masaüstü/Ofisprojesi-master 
2022-02-09 16:25:28.4172||INFO|Microsoft.Hosting.Lifetime|Now listening on: https://localhost:5001 
2022-02-09 16:25:28.4395||INFO|Microsoft.Hosting.Lifetime|Now listening on: http://localhost:5000 
2022-02-09 16:25:28.4414||INFO|Microsoft.Hosting.Lifetime|Application started. Press Ctrl+C to shut down. 
2022-02-09 16:25:28.4414||INFO|Microsoft.Hosting.Lifetime|Hosting environment: Development 
2022-02-09 16:25:28.4414||INFO|Microsoft.Hosting.Lifetime|Content root path: /home/yusufcan/Masaüstü/Ofisprojesi-master 
2022-02-09 16:25:43.9604||ERROR|ofisprojesi.FixtureController|GetFixtureByName metodu çalıştırılamadı 
2022-02-09 16:25:50.6790||ERROR|ofisprojesi.FixtureController|GetFixtureByName metodu çalıştırılamadı 
2022-02-09 16:25:55.1435||ERROR|ofisprojesi.FixtureController|GetFixtureByName metodu çalıştırılamadı 
2022-02-09 16:32:39.4380||INFO|Microsoft.Hosting.Lifetime|Now listening on: https://localhost:5001 
2022-02-09 16:32:39.4951||INFO|Microsoft.Hosting.Lifetime|Now listening on: http://localhost:5000 
2022-02-09 16:32:39.4951||INFO|Microsoft.Hosting.Lifetime|Application started. Press Ctrl+C to shut down. 
2022-02-09 16:32:39.4951||INFO|Microsoft.Hosting.Lifetime|Hosting environment: Development 
2022-02-09 16:32:39.4951||INFO|Microsoft.Hosting.Lifetime|Content root path: /home/yusufcan/Masaüstü/Ofisprojesi-master 
2022-02-09 16:33:00.9085||ERROR|ofisprojesi.FixtureController|GetFixtureByName metodu çalıştırılamadı 
2022-02-09 16:33:35.5209||ERROR|ofisprojesi.FixtureController|GetFixtureByName metodu çalıştırılamadı 
2022-02-09 17:40:47.3256||INFO|Microsoft.Hosting.Lifetime|Now listening on: https://localhost:5001 
2022-02-09 17:40:47.3462||INFO|Microsoft.Hosting.Lifetime|Now listening on: http://localhost:5000 
2022-02-09 17:40:47.3462||INFO|Microsoft.Hosting.Lifetime|Application started. Press Ctrl+C to shut down. 
2022-02-09 17:40:47.3462||INFO|Microsoft.Hosting.Lifetime|Hosting environment: Development 
2022-02-09 17:40:47.3462||INFO|Microsoft.Hosting.Lifetime|Content root path: /home/yusufcan/Masaüstü/Ofisprojesi-master 
2022-02-09 17:40:59.0191||ERROR|ofisprojesi.FixtureController|GetFixtureByName metodu çalıştırılamadı 
