2022-01-26 10:24:18.9149||INFO|Microsoft.Hosting.Lifetime|Now listening on: https://localhost:5001 
2022-01-26 10:24:18.9421||INFO|Microsoft.Hosting.Lifetime|Now listening on: http://localhost:5000 
2022-01-26 10:24:18.9421||INFO|Microsoft.Hosting.Lifetime|Application started. Press Ctrl+C to shut down. 
2022-01-26 10:24:18.9437||INFO|Microsoft.Hosting.Lifetime|Hosting environment: Development 
2022-01-26 10:24:18.9437||INFO|Microsoft.Hosting.Lifetime|Content root path: /home/yusufcan/Masaüstü/Ofisprojesi-master 
2022-01-26 11:55:53.3525||INFO|Microsoft.Hosting.Lifetime|Now listening on: https://localhost:5001 
2022-01-26 11:55:53.3799||INFO|Microsoft.Hosting.Lifetime|Now listening on: http://localhost:5000 
2022-01-26 11:55:53.3799||INFO|Microsoft.Hosting.Lifetime|Application started. Press Ctrl+C to shut down. 
2022-01-26 11:55:53.3814||INFO|Microsoft.Hosting.Lifetime|Hosting environment: Development 
2022-01-26 11:55:53.3814||INFO|Microsoft.Hosting.Lifetime|Content root path: /home/yusufcan/Masaüstü/Ofisprojesi-master 
2022-01-26 14:20:17.4702||INFO|Microsoft.Hosting.Lifetime|Now listening on: https://localhost:5001 
2022-01-26 14:20:17.4908||INFO|Microsoft.Hosting.Lifetime|Now listening on: http://localhost:5000 
2022-01-26 14:20:17.4908||INFO|Microsoft.Hosting.Lifetime|Application started. Press Ctrl+C to shut down. 
2022-01-26 14:20:17.4908||INFO|Microsoft.Hosting.Lifetime|Hosting environment: Development 
2022-01-26 14:20:17.4908||INFO|Microsoft.Hosting.Lifetime|Content root path: /home/yusufcan/Masaüstü/Ofisprojesi-master 
2022-01-26 14:25:27.9088||INFO|Microsoft.Hosting.Lifetime|Now listening on: https://localhost:5001 
2022-01-26 14:25:27.9304||INFO|Microsoft.Hosting.Lifetime|Now listening on: http://localhost:5000 
2022-01-26 14:25:27.9304||INFO|Microsoft.Hosting.Lifetime|Application started. Press Ctrl+C to shut down. 
2022-01-26 14:25:27.9304||INFO|Microsoft.Hosting.Lifetime|Hosting environment: Development 
2022-01-26 14:25:27.9304||INFO|Microsoft.Hosting.Lifetime|Content root path: /home/yusufcan/Masaüstü/Ofisprojesi-master 
2022-01-26 14:27:42.5827||INFO|Microsoft.Hosting.Lifetime|Now listening on: https://localhost:5001 
2022-01-26 14:27:42.6036||INFO|Microsoft.Hosting.Lifetime|Now listening on: http://localhost:5000 
2022-01-26 14:27:42.6036||INFO|Microsoft.Hosting.Lifetime|Application started. Press Ctrl+C to shut down. 
2022-01-26 14:27:42.6036||INFO|Microsoft.Hosting.Lifetime|Hosting environment: Development 
2022-01-26 14:27:42.6036||INFO|Microsoft.Hosting.Lifetime|Content root path: /home/yusufcan/Masaüstü/Ofisprojesi-master 
2022-01-26 15:05:33.5423||INFO|Microsoft.Hosting.Lifetime|Now listening on: https://localhost:5001 
2022-01-26 15:05:33.5633||INFO|Microsoft.Hosting.Lifetime|Now listening on: http://localhost:5000 
2022-01-26 15:05:33.5633||INFO|Microsoft.Hosting.Lifetime|Application started. Press Ctrl+C to shut down. 
2022-01-26 15:05:33.5633||INFO|Microsoft.Hosting.Lifetime|Hosting environment: Development 
2022-01-26 15:05:33.5633||INFO|Microsoft.Hosting.Lifetime|Content root path: /home/yusufcan/Masaüstü/Ofisprojesi-master 
2022-01-26 15:06:44.8872||INFO|Microsoft.Hosting.Lifetime|Now listening on: https://localhost:5001 
2022-01-26 15:06:44.9072||INFO|Microsoft.Hosting.Lifetime|Now listening on: http://localhost:5000 
2022-01-26 15:06:44.9072||INFO|Microsoft.Hosting.Lifetime|Application started. Press Ctrl+C to shut down. 
2022-01-26 15:06:44.9072||INFO|Microsoft.Hosting.Lifetime|Hosting environment: Development 
2022-01-26 15:06:44.9072||INFO|Microsoft.Hosting.Lifetime|Content root path: /home/yusufcan/Masaüstü/Ofisprojesi-master 
