2022-02-04 10:02:23.8067||INFO|Microsoft.Hosting.Lifetime|Now listening on: https://localhost:5001 
2022-02-04 10:02:23.8300||INFO|Microsoft.Hosting.Lifetime|Now listening on: http://localhost:5000 
2022-02-04 10:02:23.8317||INFO|Microsoft.Hosting.Lifetime|Application started. Press Ctrl+C to shut down. 
2022-02-04 10:02:23.8317||INFO|Microsoft.Hosting.Lifetime|Hosting environment: Development 
2022-02-04 10:02:23.8317||INFO|Microsoft.Hosting.Lifetime|Content root path: /home/yusufcan/Masaüstü/Ofisprojesi-master 
2022-02-04 16:57:48.7620||INFO|Microsoft.Hosting.Lifetime|Now listening on: https://localhost:5001 
2022-02-04 16:57:48.7875||INFO|Microsoft.Hosting.Lifetime|Now listening on: http://localhost:5000 
2022-02-04 16:57:48.7875||INFO|Microsoft.Hosting.Lifetime|Application started. Press Ctrl+C to shut down. 
2022-02-04 16:57:48.7875||INFO|Microsoft.Hosting.Lifetime|Hosting environment: Development 
2022-02-04 16:57:48.7875||INFO|Microsoft.Hosting.Lifetime|Content root path: /home/yusufcan/Masaüstü/Ofisprojesi-master 
2022-02-04 17:48:27.7651||INFO|Microsoft.Hosting.Lifetime|Now listening on: https://localhost:5001 
2022-02-04 17:48:27.7871||INFO|Microsoft.Hosting.Lifetime|Now listening on: http://localhost:5000 
2022-02-04 17:48:27.7871||INFO|Microsoft.Hosting.Lifetime|Application started. Press Ctrl+C to shut down. 
2022-02-04 17:48:27.7871||INFO|Microsoft.Hosting.Lifetime|Hosting environment: Development 
2022-02-04 17:48:27.7871||INFO|Microsoft.Hosting.Lifetime|Content root path: /home/yusufcan/Masaüstü/Ofisprojesi-master 
2022-02-04 17:52:43.1941||INFO|Microsoft.Hosting.Lifetime|Now listening on: https://localhost:5001 
2022-02-04 17:52:43.2214||INFO|Microsoft.Hosting.Lifetime|Now listening on: http://localhost:5000 
2022-02-04 17:52:43.2214||INFO|Microsoft.Hosting.Lifetime|Application started. Press Ctrl+C to shut down. 
2022-02-04 17:52:43.2214||INFO|Microsoft.Hosting.Lifetime|Hosting environment: Development 
2022-02-04 17:52:43.2214||INFO|Microsoft.Hosting.Lifetime|Content root path: /home/yusufcan/Masaüstü/Ofisprojesi-master 
2022-02-04 17:56:52.6816||INFO|Microsoft.Hosting.Lifetime|Now listening on: https://localhost:5001 
2022-02-04 17:56:52.7043||INFO|Microsoft.Hosting.Lifetime|Now listening on: http://localhost:5000 
2022-02-04 17:56:52.7056||INFO|Microsoft.Hosting.Lifetime|Application started. Press Ctrl+C to shut down. 
2022-02-04 17:56:52.7056||INFO|Microsoft.Hosting.Lifetime|Hosting environment: Development 
2022-02-04 17:56:52.7056||INFO|Microsoft.Hosting.Lifetime|Content root path: /home/yusufcan/Masaüstü/Ofisprojesi-master 
