2022-02-07 11:15:04.1998||INFO|Microsoft.Hosting.Lifetime|Now listening on: https://localhost:5001 
2022-02-07 11:15:04.2271||INFO|Microsoft.Hosting.Lifetime|Now listening on: http://localhost:5000 
2022-02-07 11:15:04.2285||INFO|Microsoft.Hosting.Lifetime|Application started. Press Ctrl+C to shut down. 
2022-02-07 11:15:04.2285||INFO|Microsoft.Hosting.Lifetime|Hosting environment: Development 
2022-02-07 11:15:04.2285||INFO|Microsoft.Hosting.Lifetime|Content root path: /home/yusufcan/Masaüstü/Ofisprojesi-master 
2022-02-07 14:04:24.8844||INFO|Microsoft.Hosting.Lifetime|Now listening on: https://localhost:5001 
2022-02-07 14:04:24.9088||INFO|Microsoft.Hosting.Lifetime|Now listening on: http://localhost:5000 
2022-02-07 14:04:24.9088||INFO|Microsoft.Hosting.Lifetime|Application started. Press Ctrl+C to shut down. 
2022-02-07 14:04:24.9088||INFO|Microsoft.Hosting.Lifetime|Hosting environment: Development 
2022-02-07 14:04:24.9088||INFO|Microsoft.Hosting.Lifetime|Content root path: /home/yusufcan/Masaüstü/Ofisprojesi-master 
2022-02-07 14:44:59.6619||INFO|Microsoft.Hosting.Lifetime|Now listening on: https://localhost:5001 
2022-02-07 14:44:59.7122||INFO|Microsoft.Hosting.Lifetime|Now listening on: http://localhost:5000 
2022-02-07 14:44:59.7122||INFO|Microsoft.Hosting.Lifetime|Application started. Press Ctrl+C to shut down. 
2022-02-07 14:44:59.7122||INFO|Microsoft.Hosting.Lifetime|Hosting environment: Development 
2022-02-07 14:44:59.7122||INFO|Microsoft.Hosting.Lifetime|Content root path: /home/yusufcan/Masaüstü/Ofisprojesi-master 
2022-02-07 15:51:41.8755||INFO|Microsoft.Hosting.Lifetime|Now listening on: https://localhost:5001 
2022-02-07 15:51:41.8995||INFO|Microsoft.Hosting.Lifetime|Now listening on: http://localhost:5000 
2022-02-07 15:51:41.9007||INFO|Microsoft.Hosting.Lifetime|Application started. Press Ctrl+C to shut down. 
2022-02-07 15:51:41.9007||INFO|Microsoft.Hosting.Lifetime|Hosting environment: Development 
2022-02-07 15:51:41.9007||INFO|Microsoft.Hosting.Lifetime|Content root path: /home/yusufcan/Masaüstü/Ofisprojesi-master 
