2021-12-15 09:38:28.3892||INFO|Microsoft.Hosting.Lifetime|Now listening on: https://localhost:5001 
2021-12-15 09:38:28.4124||INFO|Microsoft.Hosting.Lifetime|Now listening on: http://localhost:5000 
2021-12-15 09:38:28.4140||INFO|Microsoft.Hosting.Lifetime|Application started. Press Ctrl+C to shut down. 
2021-12-15 09:38:28.4140||INFO|Microsoft.Hosting.Lifetime|Hosting environment: Development 
2021-12-15 09:38:28.4140||INFO|Microsoft.Hosting.Lifetime|Content root path: /home/yusufcan/Masaüstü/Ofisprojesi-master 
2021-12-15 09:41:11.1177||FATAL|Microsoft.AspNetCore.Server.Kestrel|Unable to start Kestrel. System.IO.IOException: Failed to bind to address https://127.0.0.1:5001: address already in use.
 ---> Microsoft.AspNetCore.Connections.AddressInUseException: Address already in use
 ---> System.Net.Sockets.SocketException (98): Address already in use
   at System.Net.Sockets.Socket.UpdateStatusAfterSocketErrorAndThrowException(SocketError error, String callerName)
   at System.Net.Sockets.Socket.DoBind(EndPoint endPointSnapshot, SocketAddress socketAddress)
   at System.Net.Sockets.Socket.Bind(EndPoint localEP)
   at Microsoft.AspNetCore.Server.Kestrel.Transport.Sockets.SocketConnectionListener.<Bind>g__BindSocket|13_0(<>c__DisplayClass13_0& )
   --- End of inner exception stack trace ---
   at Microsoft.AspNetCore.Server.Kestrel.Transport.Sockets.SocketConnectionListener.<Bind>g__BindSocket|13_0(<>c__DisplayClass13_0& )
   at Microsoft.AspNetCore.Server.Kestrel.Transport.Sockets.SocketConnectionListener.Bind()
   at Microsoft.AspNetCore.Server.Kestrel.Transport.Sockets.SocketTransportFactory.BindAsync(EndPoint endpoint, CancellationToken cancellationToken)
   at Microsoft.AspNetCore.Server.Kestrel.Core.Internal.Infrastructure.TransportManager.BindAsync(EndPoint endPoint, ConnectionDelegate connectionDelegate, EndpointConfig endpointConfig)
   at Microsoft.AspNetCore.Server.Kestrel.Core.KestrelServerImpl.<>c__DisplayClass29_0`1.<<StartAsync>g__OnBind|0>d.MoveNext()
--- End of stack trace from previous location ---
   at Microsoft.AspNetCore.Server.Kestrel.Core.Internal.AddressBinder.BindEndpointAsync(ListenOptions endpoint, AddressBindContext context)
   --- End of inner exception stack trace ---
   at Microsoft.AspNetCore.Server.Kestrel.Core.Internal.AddressBinder.BindEndpointAsync(ListenOptions endpoint, AddressBindContext context)
   at Microsoft.AspNetCore.Server.Kestrel.Core.LocalhostListenOptions.BindAsync(AddressBindContext context)
   at Microsoft.AspNetCore.Server.Kestrel.Core.Internal.AddressBinder.AddressesStrategy.BindAsync(AddressBindContext context)
   at Microsoft.AspNetCore.Server.Kestrel.Core.Internal.AddressBinder.BindAsync(IEnumerable`1 listenOptions, AddressBindContext context)
   at Microsoft.AspNetCore.Server.Kestrel.Core.KestrelServerImpl.BindAsync(CancellationToken cancellationToken)
   at Microsoft.AspNetCore.Server.Kestrel.Core.KestrelServerImpl.StartAsync[TContext](IHttpApplication`1 application, CancellationToken cancellationToken)
2021-12-15 09:41:11.1834||ERROR|ofisprojesi.Program|Stopped program because of exception System.IO.IOException: Failed to bind to address https://127.0.0.1:5001: address already in use.
 ---> Microsoft.AspNetCore.Connections.AddressInUseException: Address already in use
 ---> System.Net.Sockets.SocketException (98): Address already in use
   at System.Net.Sockets.Socket.UpdateStatusAfterSocketErrorAndThrowException(SocketError error, String callerName)
   at System.Net.Sockets.Socket.DoBind(EndPoint endPointSnapshot, SocketAddress socketAddress)
   at System.Net.Sockets.Socket.Bind(EndPoint localEP)
   at Microsoft.AspNetCore.Server.Kestrel.Transport.Sockets.SocketConnectionListener.<Bind>g__BindSocket|13_0(<>c__DisplayClass13_0& )
   --- End of inner exception stack trace ---
   at Microsoft.AspNetCore.Server.Kestrel.Transport.Sockets.SocketConnectionListener.<Bind>g__BindSocket|13_0(<>c__DisplayClass13_0& )
   at Microsoft.AspNetCore.Server.Kestrel.Transport.Sockets.SocketConnectionListener.Bind()
   at Microsoft.AspNetCore.Server.Kestrel.Transport.Sockets.SocketTransportFactory.BindAsync(EndPoint endpoint, CancellationToken cancellationToken)
   at Microsoft.AspNetCore.Server.Kestrel.Core.Internal.Infrastructure.TransportManager.BindAsync(EndPoint endPoint, ConnectionDelegate connectionDelegate, EndpointConfig endpointConfig)
   at Microsoft.AspNetCore.Server.Kestrel.Core.KestrelServerImpl.<>c__DisplayClass29_0`1.<<StartAsync>g__OnBind|0>d.MoveNext()
--- End of stack trace from previous location ---
   at Microsoft.AspNetCore.Server.Kestrel.Core.Internal.AddressBinder.BindEndpointAsync(ListenOptions endpoint, AddressBindContext context)
   --- End of inner exception stack trace ---
   at Microsoft.AspNetCore.Server.Kestrel.Core.Internal.AddressBinder.BindEndpointAsync(ListenOptions endpoint, AddressBindContext context)
   at Microsoft.AspNetCore.Server.Kestrel.Core.LocalhostListenOptions.BindAsync(AddressBindContext context)
   at Microsoft.AspNetCore.Server.Kestrel.Core.Internal.AddressBinder.AddressesStrategy.BindAsync(AddressBindContext context)
   at Microsoft.AspNetCore.Server.Kestrel.Core.Internal.AddressBinder.BindAsync(IEnumerable`1 listenOptions, AddressBindContext context)
   at Microsoft.AspNetCore.Server.Kestrel.Core.KestrelServerImpl.BindAsync(CancellationToken cancellationToken)
   at Microsoft.AspNetCore.Server.Kestrel.Core.KestrelServerImpl.StartAsync[TContext](IHttpApplication`1 application, CancellationToken cancellationToken)
   at Microsoft.AspNetCore.Hosting.GenericWebHostService.StartAsync(CancellationToken cancellationToken)
   at Microsoft.Extensions.Hosting.Internal.Host.StartAsync(CancellationToken cancellationToken)
   at Microsoft.Extensions.Hosting.HostingAbstractionsHostExtensions.RunAsync(IHost host, CancellationToken token)
   at Microsoft.Extensions.Hosting.HostingAbstractionsHostExtensions.RunAsync(IHost host, CancellationToken token)
   at Microsoft.Extensions.Hosting.HostingAbstractionsHostExtensions.Run(IHost host)
   at ofisprojesi.Program.Main(String[] args) in /home/yusufcan/Masaüstü/Ofisprojesi-master/Program.cs:line 24
2021-12-15 09:41:30.7959||FATAL|Microsoft.AspNetCore.Server.Kestrel|Unable to start Kestrel. System.IO.IOException: Failed to bind to address https://127.0.0.1:5001: address already in use.
 ---> Microsoft.AspNetCore.Connections.AddressInUseException: Address already in use
 ---> System.Net.Sockets.SocketException (98): Address already in use
   at System.Net.Sockets.Socket.UpdateStatusAfterSocketErrorAndThrowException(SocketError error, String callerName)
   at System.Net.Sockets.Socket.DoBind(EndPoint endPointSnapshot, SocketAddress socketAddress)
   at System.Net.Sockets.Socket.Bind(EndPoint localEP)
   at Microsoft.AspNetCore.Server.Kestrel.Transport.Sockets.SocketConnectionListener.<Bind>g__BindSocket|13_0(<>c__DisplayClass13_0& )
   --- End of inner exception stack trace ---
   at Microsoft.AspNetCore.Server.Kestrel.Transport.Sockets.SocketConnectionListener.<Bind>g__BindSocket|13_0(<>c__DisplayClass13_0& )
   at Microsoft.AspNetCore.Server.Kestrel.Transport.Sockets.SocketConnectionListener.Bind()
   at Microsoft.AspNetCore.Server.Kestrel.Transport.Sockets.SocketTransportFactory.BindAsync(EndPoint endpoint, CancellationToken cancellationToken)
   at Microsoft.AspNetCore.Server.Kestrel.Core.Internal.Infrastructure.TransportManager.BindAsync(EndPoint endPoint, ConnectionDelegate connectionDelegate, EndpointConfig endpointConfig)
   at Microsoft.AspNetCore.Server.Kestrel.Core.KestrelServerImpl.<>c__DisplayClass29_0`1.<<StartAsync>g__OnBind|0>d.MoveNext()
--- End of stack trace from previous location ---
   at Microsoft.AspNetCore.Server.Kestrel.Core.Internal.AddressBinder.BindEndpointAsync(ListenOptions endpoint, AddressBindContext context)
   --- End of inner exception stack trace ---
   at Microsoft.AspNetCore.Server.Kestrel.Core.Internal.AddressBinder.BindEndpointAsync(ListenOptions endpoint, AddressBindContext context)
   at Microsoft.AspNetCore.Server.Kestrel.Core.LocalhostListenOptions.BindAsync(AddressBindContext context)
   at Microsoft.AspNetCore.Server.Kestrel.Core.Internal.AddressBinder.AddressesStrategy.BindAsync(AddressBindContext context)
   at Microsoft.AspNetCore.Server.Kestrel.Core.Internal.AddressBinder.BindAsync(IEnumerable`1 listenOptions, AddressBindContext context)
   at Microsoft.AspNetCore.Server.Kestrel.Core.KestrelServerImpl.BindAsync(CancellationToken cancellationToken)
   at Microsoft.AspNetCore.Server.Kestrel.Core.KestrelServerImpl.StartAsync[TContext](IHttpApplication`1 application, CancellationToken cancellationToken)
2021-12-15 09:41:30.8669||ERROR|ofisprojesi.Program|Stopped program because of exception System.IO.IOException: Failed to bind to address https://127.0.0.1:5001: address already in use.
 ---> Microsoft.AspNetCore.Connections.AddressInUseException: Address already in use
 ---> System.Net.Sockets.SocketException (98): Address already in use
   at System.Net.Sockets.Socket.UpdateStatusAfterSocketErrorAndThrowException(SocketError error, String callerName)
   at System.Net.Sockets.Socket.DoBind(EndPoint endPointSnapshot, SocketAddress socketAddress)
   at System.Net.Sockets.Socket.Bind(EndPoint localEP)
   at Microsoft.AspNetCore.Server.Kestrel.Transport.Sockets.SocketConnectionListener.<Bind>g__BindSocket|13_0(<>c__DisplayClass13_0& )
   --- End of inner exception stack trace ---
   at Microsoft.AspNetCore.Server.Kestrel.Transport.Sockets.SocketConnectionListener.<Bind>g__BindSocket|13_0(<>c__DisplayClass13_0& )
   at Microsoft.AspNetCore.Server.Kestrel.Transport.Sockets.SocketConnectionListener.Bind()
   at Microsoft.AspNetCore.Server.Kestrel.Transport.Sockets.SocketTransportFactory.BindAsync(EndPoint endpoint, CancellationToken cancellationToken)
   at Microsoft.AspNetCore.Server.Kestrel.Core.Internal.Infrastructure.TransportManager.BindAsync(EndPoint endPoint, ConnectionDelegate connectionDelegate, EndpointConfig endpointConfig)
   at Microsoft.AspNetCore.Server.Kestrel.Core.KestrelServerImpl.<>c__DisplayClass29_0`1.<<StartAsync>g__OnBind|0>d.MoveNext()
--- End of stack trace from previous location ---
   at Microsoft.AspNetCore.Server.Kestrel.Core.Internal.AddressBinder.BindEndpointAsync(ListenOptions endpoint, AddressBindContext context)
   --- End of inner exception stack trace ---
   at Microsoft.AspNetCore.Server.Kestrel.Core.Internal.AddressBinder.BindEndpointAsync(ListenOptions endpoint, AddressBindContext context)
   at Microsoft.AspNetCore.Server.Kestrel.Core.LocalhostListenOptions.BindAsync(AddressBindContext context)
   at Microsoft.AspNetCore.Server.Kestrel.Core.Internal.AddressBinder.AddressesStrategy.BindAsync(AddressBindContext context)
   at Microsoft.AspNetCore.Server.Kestrel.Core.Internal.AddressBinder.BindAsync(IEnumerable`1 listenOptions, AddressBindContext context)
   at Microsoft.AspNetCore.Server.Kestrel.Core.KestrelServerImpl.BindAsync(CancellationToken cancellationToken)
   at Microsoft.AspNetCore.Server.Kestrel.Core.KestrelServerImpl.StartAsync[TContext](IHttpApplication`1 application, CancellationToken cancellationToken)
   at Microsoft.AspNetCore.Hosting.GenericWebHostService.StartAsync(CancellationToken cancellationToken)
   at Microsoft.Extensions.Hosting.Internal.Host.StartAsync(CancellationToken cancellationToken)
   at Microsoft.Extensions.Hosting.HostingAbstractionsHostExtensions.RunAsync(IHost host, CancellationToken token)
   at Microsoft.Extensions.Hosting.HostingAbstractionsHostExtensions.RunAsync(IHost host, CancellationToken token)
   at Microsoft.Extensions.Hosting.HostingAbstractionsHostExtensions.Run(IHost host)
   at ofisprojesi.Program.Main(String[] args) in /home/yusufcan/Masaüstü/Ofisprojesi-master/Program.cs:line 24
2021-12-15 09:42:01.7142||FATAL|Microsoft.AspNetCore.Server.Kestrel|Unable to start Kestrel. System.IO.IOException: Failed to bind to address https://127.0.0.1:5001: address already in use.
 ---> Microsoft.AspNetCore.Connections.AddressInUseException: Address already in use
 ---> System.Net.Sockets.SocketException (98): Address already in use
   at System.Net.Sockets.Socket.UpdateStatusAfterSocketErrorAndThrowException(SocketError error, String callerName)
   at System.Net.Sockets.Socket.DoBind(EndPoint endPointSnapshot, SocketAddress socketAddress)
   at System.Net.Sockets.Socket.Bind(EndPoint localEP)
   at Microsoft.AspNetCore.Server.Kestrel.Transport.Sockets.SocketConnectionListener.<Bind>g__BindSocket|13_0(<>c__DisplayClass13_0& )
   --- End of inner exception stack trace ---
   at Microsoft.AspNetCore.Server.Kestrel.Transport.Sockets.SocketConnectionListener.<Bind>g__BindSocket|13_0(<>c__DisplayClass13_0& )
   at Microsoft.AspNetCore.Server.Kestrel.Transport.Sockets.SocketConnectionListener.Bind()
   at Microsoft.AspNetCore.Server.Kestrel.Transport.Sockets.SocketTransportFactory.BindAsync(EndPoint endpoint, CancellationToken cancellationToken)
   at Microsoft.AspNetCore.Server.Kestrel.Core.Internal.Infrastructure.TransportManager.BindAsync(EndPoint endPoint, ConnectionDelegate connectionDelegate, EndpointConfig endpointConfig)
   at Microsoft.AspNetCore.Server.Kestrel.Core.KestrelServerImpl.<>c__DisplayClass29_0`1.<<StartAsync>g__OnBind|0>d.MoveNext()
--- End of stack trace from previous location ---
   at Microsoft.AspNetCore.Server.Kestrel.Core.Internal.AddressBinder.BindEndpointAsync(ListenOptions endpoint, AddressBindContext context)
   --- End of inner exception stack trace ---
   at Microsoft.AspNetCore.Server.Kestrel.Core.Internal.AddressBinder.BindEndpointAsync(ListenOptions endpoint, AddressBindContext context)
   at Microsoft.AspNetCore.Server.Kestrel.Core.LocalhostListenOptions.BindAsync(AddressBindContext context)
   at Microsoft.AspNetCore.Server.Kestrel.Core.Internal.AddressBinder.AddressesStrategy.BindAsync(AddressBindContext context)
   at Microsoft.AspNetCore.Server.Kestrel.Core.Internal.AddressBinder.BindAsync(IEnumerable`1 listenOptions, AddressBindContext context)
   at Microsoft.AspNetCore.Server.Kestrel.Core.KestrelServerImpl.BindAsync(CancellationToken cancellationToken)
   at Microsoft.AspNetCore.Server.Kestrel.Core.KestrelServerImpl.StartAsync[TContext](IHttpApplication`1 application, CancellationToken cancellationToken)
2021-12-15 09:42:01.7836||ERROR|ofisprojesi.Program|Stopped program because of exception System.IO.IOException: Failed to bind to address https://127.0.0.1:5001: address already in use.
 ---> Microsoft.AspNetCore.Connections.AddressInUseException: Address already in use
 ---> System.Net.Sockets.SocketException (98): Address already in use
   at System.Net.Sockets.Socket.UpdateStatusAfterSocketErrorAndThrowException(SocketError error, String callerName)
   at System.Net.Sockets.Socket.DoBind(EndPoint endPointSnapshot, SocketAddress socketAddress)
   at System.Net.Sockets.Socket.Bind(EndPoint localEP)
   at Microsoft.AspNetCore.Server.Kestrel.Transport.Sockets.SocketConnectionListener.<Bind>g__BindSocket|13_0(<>c__DisplayClass13_0& )
   --- End of inner exception stack trace ---
   at Microsoft.AspNetCore.Server.Kestrel.Transport.Sockets.SocketConnectionListener.<Bind>g__BindSocket|13_0(<>c__DisplayClass13_0& )
   at Microsoft.AspNetCore.Server.Kestrel.Transport.Sockets.SocketConnectionListener.Bind()
   at Microsoft.AspNetCore.Server.Kestrel.Transport.Sockets.SocketTransportFactory.BindAsync(EndPoint endpoint, CancellationToken cancellationToken)
   at Microsoft.AspNetCore.Server.Kestrel.Core.Internal.Infrastructure.TransportManager.BindAsync(EndPoint endPoint, ConnectionDelegate connectionDelegate, EndpointConfig endpointConfig)
   at Microsoft.AspNetCore.Server.Kestrel.Core.KestrelServerImpl.<>c__DisplayClass29_0`1.<<StartAsync>g__OnBind|0>d.MoveNext()
--- End of stack trace from previous location ---
   at Microsoft.AspNetCore.Server.Kestrel.Core.Internal.AddressBinder.BindEndpointAsync(ListenOptions endpoint, AddressBindContext context)
   --- End of inner exception stack trace ---
   at Microsoft.AspNetCore.Server.Kestrel.Core.Internal.AddressBinder.BindEndpointAsync(ListenOptions endpoint, AddressBindContext context)
   at Microsoft.AspNetCore.Server.Kestrel.Core.LocalhostListenOptions.BindAsync(AddressBindContext context)
   at Microsoft.AspNetCore.Server.Kestrel.Core.Internal.AddressBinder.AddressesStrategy.BindAsync(AddressBindContext context)
   at Microsoft.AspNetCore.Server.Kestrel.Core.Internal.AddressBinder.BindAsync(IEnumerable`1 listenOptions, AddressBindContext context)
   at Microsoft.AspNetCore.Server.Kestrel.Core.KestrelServerImpl.BindAsync(CancellationToken cancellationToken)
   at Microsoft.AspNetCore.Server.Kestrel.Core.KestrelServerImpl.StartAsync[TContext](IHttpApplication`1 application, CancellationToken cancellationToken)
   at Microsoft.AspNetCore.Hosting.GenericWebHostService.StartAsync(CancellationToken cancellationToken)
   at Microsoft.Extensions.Hosting.Internal.Host.StartAsync(CancellationToken cancellationToken)
   at Microsoft.Extensions.Hosting.HostingAbstractionsHostExtensions.RunAsync(IHost host, CancellationToken token)
   at Microsoft.Extensions.Hosting.HostingAbstractionsHostExtensions.RunAsync(IHost host, CancellationToken token)
   at Microsoft.Extensions.Hosting.HostingAbstractionsHostExtensions.Run(IHost host)
   at ofisprojesi.Program.Main(String[] args) in /home/yusufcan/Masaüstü/Ofisprojesi-master/Program.cs:line 24
2021-12-15 09:59:20.1108||FATAL|Microsoft.AspNetCore.Server.Kestrel|Unable to start Kestrel. System.IO.IOException: Failed to bind to address https://127.0.0.1:5001: address already in use.
 ---> Microsoft.AspNetCore.Connections.AddressInUseException: Address already in use
 ---> System.Net.Sockets.SocketException (98): Address already in use
   at System.Net.Sockets.Socket.UpdateStatusAfterSocketErrorAndThrowException(SocketError error, String callerName)
   at System.Net.Sockets.Socket.DoBind(EndPoint endPointSnapshot, SocketAddress socketAddress)
   at System.Net.Sockets.Socket.Bind(EndPoint localEP)
   at Microsoft.AspNetCore.Server.Kestrel.Transport.Sockets.SocketConnectionListener.<Bind>g__BindSocket|13_0(<>c__DisplayClass13_0& )
   --- End of inner exception stack trace ---
   at Microsoft.AspNetCore.Server.Kestrel.Transport.Sockets.SocketConnectionListener.<Bind>g__BindSocket|13_0(<>c__DisplayClass13_0& )
   at Microsoft.AspNetCore.Server.Kestrel.Transport.Sockets.SocketConnectionListener.Bind()
   at Microsoft.AspNetCore.Server.Kestrel.Transport.Sockets.SocketTransportFactory.BindAsync(EndPoint endpoint, CancellationToken cancellationToken)
   at Microsoft.AspNetCore.Server.Kestrel.Core.Internal.Infrastructure.TransportManager.BindAsync(EndPoint endPoint, ConnectionDelegate connectionDelegate, EndpointConfig endpointConfig)
   at Microsoft.AspNetCore.Server.Kestrel.Core.KestrelServerImpl.<>c__DisplayClass29_0`1.<<StartAsync>g__OnBind|0>d.MoveNext()
--- End of stack trace from previous location ---
   at Microsoft.AspNetCore.Server.Kestrel.Core.Internal.AddressBinder.BindEndpointAsync(ListenOptions endpoint, AddressBindContext context)
   --- End of inner exception stack trace ---
   at Microsoft.AspNetCore.Server.Kestrel.Core.Internal.AddressBinder.BindEndpointAsync(ListenOptions endpoint, AddressBindContext context)
   at Microsoft.AspNetCore.Server.Kestrel.Core.LocalhostListenOptions.BindAsync(AddressBindContext context)
   at Microsoft.AspNetCore.Server.Kestrel.Core.Internal.AddressBinder.AddressesStrategy.BindAsync(AddressBindContext context)
   at Microsoft.AspNetCore.Server.Kestrel.Core.Internal.AddressBinder.BindAsync(IEnumerable`1 listenOptions, AddressBindContext context)
   at Microsoft.AspNetCore.Server.Kestrel.Core.KestrelServerImpl.BindAsync(CancellationToken cancellationToken)
   at Microsoft.AspNetCore.Server.Kestrel.Core.KestrelServerImpl.StartAsync[TContext](IHttpApplication`1 application, CancellationToken cancellationToken)
2021-12-15 09:59:20.1710||ERROR|ofisprojesi.Program|Stopped program because of exception System.IO.IOException: Failed to bind to address https://127.0.0.1:5001: address already in use.
 ---> Microsoft.AspNetCore.Connections.AddressInUseException: Address already in use
 ---> System.Net.Sockets.SocketException (98): Address already in use
   at System.Net.Sockets.Socket.UpdateStatusAfterSocketErrorAndThrowException(SocketError error, String callerName)
   at System.Net.Sockets.Socket.DoBind(EndPoint endPointSnapshot, SocketAddress socketAddress)
   at System.Net.Sockets.Socket.Bind(EndPoint localEP)
   at Microsoft.AspNetCore.Server.Kestrel.Transport.Sockets.SocketConnectionListener.<Bind>g__BindSocket|13_0(<>c__DisplayClass13_0& )
   --- End of inner exception stack trace ---
   at Microsoft.AspNetCore.Server.Kestrel.Transport.Sockets.SocketConnectionListener.<Bind>g__BindSocket|13_0(<>c__DisplayClass13_0& )
   at Microsoft.AspNetCore.Server.Kestrel.Transport.Sockets.SocketConnectionListener.Bind()
   at Microsoft.AspNetCore.Server.Kestrel.Transport.Sockets.SocketTransportFactory.BindAsync(EndPoint endpoint, CancellationToken cancellationToken)
   at Microsoft.AspNetCore.Server.Kestrel.Core.Internal.Infrastructure.TransportManager.BindAsync(EndPoint endPoint, ConnectionDelegate connectionDelegate, EndpointConfig endpointConfig)
   at Microsoft.AspNetCore.Server.Kestrel.Core.KestrelServerImpl.<>c__DisplayClass29_0`1.<<StartAsync>g__OnBind|0>d.MoveNext()
--- End of stack trace from previous location ---
   at Microsoft.AspNetCore.Server.Kestrel.Core.Internal.AddressBinder.BindEndpointAsync(ListenOptions endpoint, AddressBindContext context)
   --- End of inner exception stack trace ---
   at Microsoft.AspNetCore.Server.Kestrel.Core.Internal.AddressBinder.BindEndpointAsync(ListenOptions endpoint, AddressBindContext context)
   at Microsoft.AspNetCore.Server.Kestrel.Core.LocalhostListenOptions.BindAsync(AddressBindContext context)
   at Microsoft.AspNetCore.Server.Kestrel.Core.Internal.AddressBinder.AddressesStrategy.BindAsync(AddressBindContext context)
   at Microsoft.AspNetCore.Server.Kestrel.Core.Internal.AddressBinder.BindAsync(IEnumerable`1 listenOptions, AddressBindContext context)
   at Microsoft.AspNetCore.Server.Kestrel.Core.KestrelServerImpl.BindAsync(CancellationToken cancellationToken)
   at Microsoft.AspNetCore.Server.Kestrel.Core.KestrelServerImpl.StartAsync[TContext](IHttpApplication`1 application, CancellationToken cancellationToken)
   at Microsoft.AspNetCore.Hosting.GenericWebHostService.StartAsync(CancellationToken cancellationToken)
   at Microsoft.Extensions.Hosting.Internal.Host.StartAsync(CancellationToken cancellationToken)
   at Microsoft.Extensions.Hosting.HostingAbstractionsHostExtensions.RunAsync(IHost host, CancellationToken token)
   at Microsoft.Extensions.Hosting.HostingAbstractionsHostExtensions.RunAsync(IHost host, CancellationToken token)
   at Microsoft.Extensions.Hosting.HostingAbstractionsHostExtensions.Run(IHost host)
   at ofisprojesi.Program.Main(String[] args) in /home/yusufcan/Masaüstü/Ofisprojesi-master/Program.cs:line 24
2021-12-15 10:05:28.1650||FATAL|Microsoft.AspNetCore.Server.Kestrel|Unable to start Kestrel. System.IO.IOException: Failed to bind to address https://127.0.0.1:5001: address already in use.
 ---> Microsoft.AspNetCore.Connections.AddressInUseException: Address already in use
 ---> System.Net.Sockets.SocketException (98): Address already in use
   at System.Net.Sockets.Socket.UpdateStatusAfterSocketErrorAndThrowException(SocketError error, String callerName)
   at System.Net.Sockets.Socket.DoBind(EndPoint endPointSnapshot, SocketAddress socketAddress)
   at System.Net.Sockets.Socket.Bind(EndPoint localEP)
   at Microsoft.AspNetCore.Server.Kestrel.Transport.Sockets.SocketConnectionListener.<Bind>g__BindSocket|13_0(<>c__DisplayClass13_0& )
   --- End of inner exception stack trace ---
   at Microsoft.AspNetCore.Server.Kestrel.Transport.Sockets.SocketConnectionListener.<Bind>g__BindSocket|13_0(<>c__DisplayClass13_0& )
   at Microsoft.AspNetCore.Server.Kestrel.Transport.Sockets.SocketConnectionListener.Bind()
   at Microsoft.AspNetCore.Server.Kestrel.Transport.Sockets.SocketTransportFactory.BindAsync(EndPoint endpoint, CancellationToken cancellationToken)
   at Microsoft.AspNetCore.Server.Kestrel.Core.Internal.Infrastructure.TransportManager.BindAsync(EndPoint endPoint, ConnectionDelegate connectionDelegate, EndpointConfig endpointConfig)
   at Microsoft.AspNetCore.Server.Kestrel.Core.KestrelServerImpl.<>c__DisplayClass29_0`1.<<StartAsync>g__OnBind|0>d.MoveNext()
--- End of stack trace from previous location ---
   at Microsoft.AspNetCore.Server.Kestrel.Core.Internal.AddressBinder.BindEndpointAsync(ListenOptions endpoint, AddressBindContext context)
   --- End of inner exception stack trace ---
   at Microsoft.AspNetCore.Server.Kestrel.Core.Internal.AddressBinder.BindEndpointAsync(ListenOptions endpoint, AddressBindContext context)
   at Microsoft.AspNetCore.Server.Kestrel.Core.LocalhostListenOptions.BindAsync(AddressBindContext context)
   at Microsoft.AspNetCore.Server.Kestrel.Core.Internal.AddressBinder.AddressesStrategy.BindAsync(AddressBindContext context)
   at Microsoft.AspNetCore.Server.Kestrel.Core.Internal.AddressBinder.BindAsync(IEnumerable`1 listenOptions, AddressBindContext context)
   at Microsoft.AspNetCore.Server.Kestrel.Core.KestrelServerImpl.BindAsync(CancellationToken cancellationToken)
   at Microsoft.AspNetCore.Server.Kestrel.Core.KestrelServerImpl.StartAsync[TContext](IHttpApplication`1 application, CancellationToken cancellationToken)
2021-12-15 10:05:28.2243||ERROR|ofisprojesi.Program|Stopped program because of exception System.IO.IOException: Failed to bind to address https://127.0.0.1:5001: address already in use.
 ---> Microsoft.AspNetCore.Connections.AddressInUseException: Address already in use
 ---> System.Net.Sockets.SocketException (98): Address already in use
   at System.Net.Sockets.Socket.UpdateStatusAfterSocketErrorAndThrowException(SocketError error, String callerName)
   at System.Net.Sockets.Socket.DoBind(EndPoint endPointSnapshot, SocketAddress socketAddress)
   at System.Net.Sockets.Socket.Bind(EndPoint localEP)
   at Microsoft.AspNetCore.Server.Kestrel.Transport.Sockets.SocketConnectionListener.<Bind>g__BindSocket|13_0(<>c__DisplayClass13_0& )
   --- End of inner exception stack trace ---
   at Microsoft.AspNetCore.Server.Kestrel.Transport.Sockets.SocketConnectionListener.<Bind>g__BindSocket|13_0(<>c__DisplayClass13_0& )
   at Microsoft.AspNetCore.Server.Kestrel.Transport.Sockets.SocketConnectionListener.Bind()
   at Microsoft.AspNetCore.Server.Kestrel.Transport.Sockets.SocketTransportFactory.BindAsync(EndPoint endpoint, CancellationToken cancellationToken)
   at Microsoft.AspNetCore.Server.Kestrel.Core.Internal.Infrastructure.TransportManager.BindAsync(EndPoint endPoint, ConnectionDelegate connectionDelegate, EndpointConfig endpointConfig)
   at Microsoft.AspNetCore.Server.Kestrel.Core.KestrelServerImpl.<>c__DisplayClass29_0`1.<<StartAsync>g__OnBind|0>d.MoveNext()
--- End of stack trace from previous location ---
   at Microsoft.AspNetCore.Server.Kestrel.Core.Internal.AddressBinder.BindEndpointAsync(ListenOptions endpoint, AddressBindContext context)
   --- End of inner exception stack trace ---
   at Microsoft.AspNetCore.Server.Kestrel.Core.Internal.AddressBinder.BindEndpointAsync(ListenOptions endpoint, AddressBindContext context)
   at Microsoft.AspNetCore.Server.Kestrel.Core.LocalhostListenOptions.BindAsync(AddressBindContext context)
   at Microsoft.AspNetCore.Server.Kestrel.Core.Internal.AddressBinder.AddressesStrategy.BindAsync(AddressBindContext context)
   at Microsoft.AspNetCore.Server.Kestrel.Core.Internal.AddressBinder.BindAsync(IEnumerable`1 listenOptions, AddressBindContext context)
   at Microsoft.AspNetCore.Server.Kestrel.Core.KestrelServerImpl.BindAsync(CancellationToken cancellationToken)
   at Microsoft.AspNetCore.Server.Kestrel.Core.KestrelServerImpl.StartAsync[TContext](IHttpApplication`1 application, CancellationToken cancellationToken)
   at Microsoft.AspNetCore.Hosting.GenericWebHostService.StartAsync(CancellationToken cancellationToken)
   at Microsoft.Extensions.Hosting.Internal.Host.StartAsync(CancellationToken cancellationToken)
   at Microsoft.Extensions.Hosting.HostingAbstractionsHostExtensions.RunAsync(IHost host, CancellationToken token)
   at Microsoft.Extensions.Hosting.HostingAbstractionsHostExtensions.RunAsync(IHost host, CancellationToken token)
   at Microsoft.Extensions.Hosting.HostingAbstractionsHostExtensions.Run(IHost host)
   at ofisprojesi.Program.Main(String[] args) in /home/yusufcan/Masaüstü/Ofisprojesi-master/Program.cs:line 24
2021-12-15 10:06:43.5769||FATAL|Microsoft.AspNetCore.Server.Kestrel|Unable to start Kestrel. System.IO.IOException: Failed to bind to address https://127.0.0.1:5001: address already in use.
 ---> Microsoft.AspNetCore.Connections.AddressInUseException: Address already in use
 ---> System.Net.Sockets.SocketException (98): Address already in use
   at System.Net.Sockets.Socket.UpdateStatusAfterSocketErrorAndThrowException(SocketError error, String callerName)
   at System.Net.Sockets.Socket.DoBind(EndPoint endPointSnapshot, SocketAddress socketAddress)
   at System.Net.Sockets.Socket.Bind(EndPoint localEP)
   at Microsoft.AspNetCore.Server.Kestrel.Transport.Sockets.SocketConnectionListener.<Bind>g__BindSocket|13_0(<>c__DisplayClass13_0& )
   --- End of inner exception stack trace ---
   at Microsoft.AspNetCore.Server.Kestrel.Transport.Sockets.SocketConnectionListener.<Bind>g__BindSocket|13_0(<>c__DisplayClass13_0& )
   at Microsoft.AspNetCore.Server.Kestrel.Transport.Sockets.SocketConnectionListener.Bind()
   at Microsoft.AspNetCore.Server.Kestrel.Transport.Sockets.SocketTransportFactory.BindAsync(EndPoint endpoint, CancellationToken cancellationToken)
   at Microsoft.AspNetCore.Server.Kestrel.Core.Internal.Infrastructure.TransportManager.BindAsync(EndPoint endPoint, ConnectionDelegate connectionDelegate, EndpointConfig endpointConfig)
   at Microsoft.AspNetCore.Server.Kestrel.Core.KestrelServerImpl.<>c__DisplayClass29_0`1.<<StartAsync>g__OnBind|0>d.MoveNext()
--- End of stack trace from previous location ---
   at Microsoft.AspNetCore.Server.Kestrel.Core.Internal.AddressBinder.BindEndpointAsync(ListenOptions endpoint, AddressBindContext context)
   --- End of inner exception stack trace ---
   at Microsoft.AspNetCore.Server.Kestrel.Core.Internal.AddressBinder.BindEndpointAsync(ListenOptions endpoint, AddressBindContext context)
   at Microsoft.AspNetCore.Server.Kestrel.Core.LocalhostListenOptions.BindAsync(AddressBindContext context)
   at Microsoft.AspNetCore.Server.Kestrel.Core.Internal.AddressBinder.AddressesStrategy.BindAsync(AddressBindContext context)
   at Microsoft.AspNetCore.Server.Kestrel.Core.Internal.AddressBinder.BindAsync(IEnumerable`1 listenOptions, AddressBindContext context)
   at Microsoft.AspNetCore.Server.Kestrel.Core.KestrelServerImpl.BindAsync(CancellationToken cancellationToken)
   at Microsoft.AspNetCore.Server.Kestrel.Core.KestrelServerImpl.StartAsync[TContext](IHttpApplication`1 application, CancellationToken cancellationToken)
2021-12-15 10:06:43.6423||ERROR|ofisprojesi.Program|Stopped program because of exception System.IO.IOException: Failed to bind to address https://127.0.0.1:5001: address already in use.
 ---> Microsoft.AspNetCore.Connections.AddressInUseException: Address already in use
 ---> System.Net.Sockets.SocketException (98): Address already in use
   at System.Net.Sockets.Socket.UpdateStatusAfterSocketErrorAndThrowException(SocketError error, String callerName)
   at System.Net.Sockets.Socket.DoBind(EndPoint endPointSnapshot, SocketAddress socketAddress)
   at System.Net.Sockets.Socket.Bind(EndPoint localEP)
   at Microsoft.AspNetCore.Server.Kestrel.Transport.Sockets.SocketConnectionListener.<Bind>g__BindSocket|13_0(<>c__DisplayClass13_0& )
   --- End of inner exception stack trace ---
   at Microsoft.AspNetCore.Server.Kestrel.Transport.Sockets.SocketConnectionListener.<Bind>g__BindSocket|13_0(<>c__DisplayClass13_0& )
   at Microsoft.AspNetCore.Server.Kestrel.Transport.Sockets.SocketConnectionListener.Bind()
   at Microsoft.AspNetCore.Server.Kestrel.Transport.Sockets.SocketTransportFactory.BindAsync(EndPoint endpoint, CancellationToken cancellationToken)
   at Microsoft.AspNetCore.Server.Kestrel.Core.Internal.Infrastructure.TransportManager.BindAsync(EndPoint endPoint, ConnectionDelegate connectionDelegate, EndpointConfig endpointConfig)
   at Microsoft.AspNetCore.Server.Kestrel.Core.KestrelServerImpl.<>c__DisplayClass29_0`1.<<StartAsync>g__OnBind|0>d.MoveNext()
--- End of stack trace from previous location ---
   at Microsoft.AspNetCore.Server.Kestrel.Core.Internal.AddressBinder.BindEndpointAsync(ListenOptions endpoint, AddressBindContext context)
   --- End of inner exception stack trace ---
   at Microsoft.AspNetCore.Server.Kestrel.Core.Internal.AddressBinder.BindEndpointAsync(ListenOptions endpoint, AddressBindContext context)
   at Microsoft.AspNetCore.Server.Kestrel.Core.LocalhostListenOptions.BindAsync(AddressBindContext context)
   at Microsoft.AspNetCore.Server.Kestrel.Core.Internal.AddressBinder.AddressesStrategy.BindAsync(AddressBindContext context)
   at Microsoft.AspNetCore.Server.Kestrel.Core.Internal.AddressBinder.BindAsync(IEnumerable`1 listenOptions, AddressBindContext context)
   at Microsoft.AspNetCore.Server.Kestrel.Core.KestrelServerImpl.BindAsync(CancellationToken cancellationToken)
   at Microsoft.AspNetCore.Server.Kestrel.Core.KestrelServerImpl.StartAsync[TContext](IHttpApplication`1 application, CancellationToken cancellationToken)
   at Microsoft.AspNetCore.Hosting.GenericWebHostService.StartAsync(CancellationToken cancellationToken)
   at Microsoft.Extensions.Hosting.Internal.Host.StartAsync(CancellationToken cancellationToken)
   at Microsoft.Extensions.Hosting.HostingAbstractionsHostExtensions.RunAsync(IHost host, CancellationToken token)
   at Microsoft.Extensions.Hosting.HostingAbstractionsHostExtensions.RunAsync(IHost host, CancellationToken token)
   at Microsoft.Extensions.Hosting.HostingAbstractionsHostExtensions.Run(IHost host)
   at ofisprojesi.Program.Main(String[] args) in /home/yusufcan/Masaüstü/Ofisprojesi-master/Program.cs:line 24
2021-12-15 10:09:44.0455||INFO|Microsoft.Hosting.Lifetime|Now listening on: https://localhost:5001 
2021-12-15 10:09:44.0771||INFO|Microsoft.Hosting.Lifetime|Now listening on: http://localhost:5000 
2021-12-15 10:09:44.0771||INFO|Microsoft.Hosting.Lifetime|Application started. Press Ctrl+C to shut down. 
2021-12-15 10:09:44.0771||INFO|Microsoft.Hosting.Lifetime|Hosting environment: Development 
2021-12-15 10:09:44.0771||INFO|Microsoft.Hosting.Lifetime|Content root path: /home/yusufcan/Masaüstü/Ofisprojesi-master 
2021-12-15 10:13:29.4935||INFO|Microsoft.Hosting.Lifetime|Now listening on: https://localhost:5001 
2021-12-15 10:13:29.5202||INFO|Microsoft.Hosting.Lifetime|Now listening on: http://localhost:5000 
2021-12-15 10:13:29.5215||INFO|Microsoft.Hosting.Lifetime|Application started. Press Ctrl+C to shut down. 
2021-12-15 10:13:29.5215||INFO|Microsoft.Hosting.Lifetime|Hosting environment: Development 
2021-12-15 10:13:29.5215||INFO|Microsoft.Hosting.Lifetime|Content root path: /home/yusufcan/Masaüstü/Ofisprojesi-master 
2021-12-15 10:35:51.4279||ERROR|ofisprojesi.EmployeeController|UpdatePatch metodu çalıştırılamadı 
2021-12-15 10:36:54.1912||ERROR|ofisprojesi.EmployeeController|UpdatePatch metodu çalıştırılamadı 
2021-12-15 10:37:06.0572||ERROR|ofisprojesi.EmployeeController|UpdatePatch metodu çalıştırılamadı 
2021-12-15 10:38:18.7736||ERROR|ofisprojesi.EmployeeController|UpdatePatch metodu çalıştırılamadı 
2021-12-15 10:40:27.0614||ERROR|ofisprojesi.EmployeeController|UpdatePatch metodu çalıştırılamadı 
2021-12-15 10:40:56.5182||ERROR|ofisprojesi.EmployeeController|UpdatePatch metodu çalıştırılamadı 
2021-12-15 10:42:24.3535||ERROR|ofisprojesi.EmployeeController|UpdatePatch metodu çalıştırılamadı 
2021-12-15 10:42:51.4173||ERROR|ofisprojesi.EmployeeController|UpdatePatch metodu çalıştırılamadı 
2021-12-15 10:48:10.0181||INFO|Microsoft.Hosting.Lifetime|Now listening on: https://localhost:5001 
2021-12-15 10:48:10.0476||INFO|Microsoft.Hosting.Lifetime|Now listening on: http://localhost:5000 
2021-12-15 10:48:10.0490||INFO|Microsoft.Hosting.Lifetime|Application started. Press Ctrl+C to shut down. 
2021-12-15 10:48:10.0490||INFO|Microsoft.Hosting.Lifetime|Hosting environment: Development 
2021-12-15 10:48:10.0490||INFO|Microsoft.Hosting.Lifetime|Content root path: /home/yusufcan/Masaüstü/Ofisprojesi-master 
2021-12-15 11:00:49.6079||INFO|Microsoft.Hosting.Lifetime|Now listening on: https://localhost:5001 
2021-12-15 11:00:49.6348||INFO|Microsoft.Hosting.Lifetime|Now listening on: http://localhost:5000 
2021-12-15 11:00:49.6348||INFO|Microsoft.Hosting.Lifetime|Application started. Press Ctrl+C to shut down. 
2021-12-15 11:00:49.6363||INFO|Microsoft.Hosting.Lifetime|Hosting environment: Development 
2021-12-15 11:00:49.6363||INFO|Microsoft.Hosting.Lifetime|Content root path: /home/yusufcan/Masaüstü/Ofisprojesi-master 
2021-12-15 11:06:39.7835||INFO|Microsoft.Hosting.Lifetime|Now listening on: https://localhost:5001 
2021-12-15 11:06:39.8184||INFO|Microsoft.Hosting.Lifetime|Now listening on: http://localhost:5000 
2021-12-15 11:06:39.8184||INFO|Microsoft.Hosting.Lifetime|Application started. Press Ctrl+C to shut down. 
2021-12-15 11:06:39.8204||INFO|Microsoft.Hosting.Lifetime|Hosting environment: Development 
2021-12-15 11:06:39.8204||INFO|Microsoft.Hosting.Lifetime|Content root path: /home/yusufcan/Masaüstü/Ofisprojesi-master 
2021-12-15 11:08:36.2872||INFO|Microsoft.Hosting.Lifetime|Now listening on: https://localhost:5001 
2021-12-15 11:08:36.3149||INFO|Microsoft.Hosting.Lifetime|Now listening on: http://localhost:5000 
2021-12-15 11:08:36.3149||INFO|Microsoft.Hosting.Lifetime|Application started. Press Ctrl+C to shut down. 
2021-12-15 11:08:36.3149||INFO|Microsoft.Hosting.Lifetime|Hosting environment: Development 
2021-12-15 11:08:36.3149||INFO|Microsoft.Hosting.Lifetime|Content root path: /home/yusufcan/Masaüstü/Ofisprojesi-master 
2021-12-15 11:20:40.5961||INFO|Microsoft.Hosting.Lifetime|Now listening on: https://localhost:5001 
2021-12-15 11:20:40.6221||INFO|Microsoft.Hosting.Lifetime|Now listening on: http://localhost:5000 
2021-12-15 11:20:40.6221||INFO|Microsoft.Hosting.Lifetime|Application started. Press Ctrl+C to shut down. 
2021-12-15 11:20:40.6221||INFO|Microsoft.Hosting.Lifetime|Hosting environment: Development 
2021-12-15 11:20:40.6221||INFO|Microsoft.Hosting.Lifetime|Content root path: /home/yusufcan/Masaüstü/Ofisprojesi-master 
2021-12-15 11:21:41.8235||INFO|Microsoft.Hosting.Lifetime|Now listening on: https://localhost:5001 
2021-12-15 11:21:41.8520||INFO|Microsoft.Hosting.Lifetime|Now listening on: http://localhost:5000 
2021-12-15 11:21:41.8537||INFO|Microsoft.Hosting.Lifetime|Application started. Press Ctrl+C to shut down. 
2021-12-15 11:21:41.8537||INFO|Microsoft.Hosting.Lifetime|Hosting environment: Development 
2021-12-15 11:21:41.8537||INFO|Microsoft.Hosting.Lifetime|Content root path: /home/yusufcan/Masaüstü/Ofisprojesi-master 
2021-12-15 11:23:33.5816||INFO|Microsoft.Hosting.Lifetime|Now listening on: https://localhost:5001 
2021-12-15 11:23:33.6037||INFO|Microsoft.Hosting.Lifetime|Now listening on: http://localhost:5000 
2021-12-15 11:23:33.6049||INFO|Microsoft.Hosting.Lifetime|Application started. Press Ctrl+C to shut down. 
2021-12-15 11:23:33.6049||INFO|Microsoft.Hosting.Lifetime|Hosting environment: Development 
2021-12-15 11:23:33.6049||INFO|Microsoft.Hosting.Lifetime|Content root path: /home/yusufcan/Masaüstü/Ofisprojesi-master 
2021-12-15 11:24:19.5072||INFO|Microsoft.Hosting.Lifetime|Now listening on: https://localhost:5001 
2021-12-15 11:24:19.5370||INFO|Microsoft.Hosting.Lifetime|Now listening on: http://localhost:5000 
2021-12-15 11:24:19.5370||INFO|Microsoft.Hosting.Lifetime|Application started. Press Ctrl+C to shut down. 
2021-12-15 11:24:19.5370||INFO|Microsoft.Hosting.Lifetime|Hosting environment: Development 
2021-12-15 11:24:19.5370||INFO|Microsoft.Hosting.Lifetime|Content root path: /home/yusufcan/Masaüstü/Ofisprojesi-master 
2021-12-15 11:26:36.6068||INFO|Microsoft.Hosting.Lifetime|Now listening on: https://localhost:5001 
2021-12-15 11:26:36.6392||INFO|Microsoft.Hosting.Lifetime|Now listening on: http://localhost:5000 
2021-12-15 11:26:36.6404||INFO|Microsoft.Hosting.Lifetime|Application started. Press Ctrl+C to shut down. 
2021-12-15 11:26:36.6404||INFO|Microsoft.Hosting.Lifetime|Hosting environment: Development 
2021-12-15 11:26:36.6404||INFO|Microsoft.Hosting.Lifetime|Content root path: /home/yusufcan/Masaüstü/Ofisprojesi-master 
2021-12-15 11:26:45.6875||ERROR|ofisprojesi.EmployeeController|UpdatePatch metodu çalıştırılamadı 
2021-12-15 11:27:10.5949||INFO|Microsoft.Hosting.Lifetime|Now listening on: https://localhost:5001 
2021-12-15 11:27:10.6225||INFO|Microsoft.Hosting.Lifetime|Now listening on: http://localhost:5000 
2021-12-15 11:27:10.6225||INFO|Microsoft.Hosting.Lifetime|Application started. Press Ctrl+C to shut down. 
2021-12-15 11:27:10.6225||INFO|Microsoft.Hosting.Lifetime|Hosting environment: Development 
2021-12-15 11:27:10.6225||INFO|Microsoft.Hosting.Lifetime|Content root path: /home/yusufcan/Masaüstü/Ofisprojesi-master 
2021-12-15 11:27:56.2174||INFO|Microsoft.Hosting.Lifetime|Now listening on: https://localhost:5001 
2021-12-15 11:27:56.2391||INFO|Microsoft.Hosting.Lifetime|Now listening on: http://localhost:5000 
2021-12-15 11:27:56.2391||INFO|Microsoft.Hosting.Lifetime|Application started. Press Ctrl+C to shut down. 
2021-12-15 11:27:56.2403||INFO|Microsoft.Hosting.Lifetime|Hosting environment: Development 
2021-12-15 11:27:56.2403||INFO|Microsoft.Hosting.Lifetime|Content root path: /home/yusufcan/Masaüstü/Ofisprojesi-master 
2021-12-15 11:31:01.0267||INFO|Microsoft.Hosting.Lifetime|Now listening on: https://localhost:5001 
2021-12-15 11:31:01.0784||INFO|Microsoft.Hosting.Lifetime|Now listening on: http://localhost:5000 
2021-12-15 11:31:01.0784||INFO|Microsoft.Hosting.Lifetime|Application started. Press Ctrl+C to shut down. 
2021-12-15 11:31:01.0784||INFO|Microsoft.Hosting.Lifetime|Hosting environment: Development 
2021-12-15 11:31:01.0784||INFO|Microsoft.Hosting.Lifetime|Content root path: /home/yusufcan/Masaüstü/Ofisprojesi-master 
2021-12-15 11:31:57.4062||INFO|Microsoft.Hosting.Lifetime|Now listening on: https://localhost:5001 
2021-12-15 11:31:57.4290||INFO|Microsoft.Hosting.Lifetime|Now listening on: http://localhost:5000 
2021-12-15 11:31:57.4290||INFO|Microsoft.Hosting.Lifetime|Application started. Press Ctrl+C to shut down. 
2021-12-15 11:31:57.4290||INFO|Microsoft.Hosting.Lifetime|Hosting environment: Development 
2021-12-15 11:31:57.4290||INFO|Microsoft.Hosting.Lifetime|Content root path: /home/yusufcan/Masaüstü/Ofisprojesi-master 
2021-12-15 11:32:05.3679||ERROR|ofisprojesi.EmployeeController|UpdatePatch metodu çalıştırılamadı 
2021-12-15 11:34:13.1175||ERROR|ofisprojesi.EmployeeController|UpdatePatch metodu çalıştırılamadı 
2021-12-15 11:34:14.1968||ERROR|ofisprojesi.EmployeeController|UpdatePatch metodu çalıştırılamadı 
2021-12-15 11:34:23.3382||ERROR|ofisprojesi.EmployeeController|UpdatePatch metodu çalıştırılamadı 
2021-12-15 11:42:53.6407||INFO|Microsoft.Hosting.Lifetime|Now listening on: https://localhost:5001 
2021-12-15 11:42:53.6652||INFO|Microsoft.Hosting.Lifetime|Now listening on: http://localhost:5000 
2021-12-15 11:42:53.6652||INFO|Microsoft.Hosting.Lifetime|Application started. Press Ctrl+C to shut down. 
2021-12-15 11:42:53.6652||INFO|Microsoft.Hosting.Lifetime|Hosting environment: Development 
2021-12-15 11:42:53.6652||INFO|Microsoft.Hosting.Lifetime|Content root path: /home/yusufcan/Masaüstü/Ofisprojesi-master 
2021-12-15 11:47:29.9216||INFO|Microsoft.Hosting.Lifetime|Now listening on: https://localhost:5001 
2021-12-15 11:47:29.9448||INFO|Microsoft.Hosting.Lifetime|Now listening on: http://localhost:5000 
2021-12-15 11:47:29.9448||INFO|Microsoft.Hosting.Lifetime|Application started. Press Ctrl+C to shut down. 
2021-12-15 11:47:29.9448||INFO|Microsoft.Hosting.Lifetime|Hosting environment: Development 
2021-12-15 11:47:29.9448||INFO|Microsoft.Hosting.Lifetime|Content root path: /home/yusufcan/Masaüstü/Ofisprojesi-master 
2021-12-15 13:28:12.9401||INFO|Microsoft.Hosting.Lifetime|Now listening on: https://localhost:5001 
2021-12-15 13:28:12.9606||INFO|Microsoft.Hosting.Lifetime|Now listening on: http://localhost:5000 
2021-12-15 13:28:12.9606||INFO|Microsoft.Hosting.Lifetime|Application started. Press Ctrl+C to shut down. 
2021-12-15 13:28:12.9606||INFO|Microsoft.Hosting.Lifetime|Hosting environment: Development 
2021-12-15 13:28:12.9606||INFO|Microsoft.Hosting.Lifetime|Content root path: /home/yusufcan/Masaüstü/Ofisprojesi-master 
2021-12-15 13:28:42.5870||ERROR|ofisprojesi.EmployeeController|UpdatePatch metodu çalıştırılamadı 
2021-12-15 13:32:09.7042||INFO|Microsoft.Hosting.Lifetime|Now listening on: https://localhost:5001 
2021-12-15 13:32:09.7290||INFO|Microsoft.Hosting.Lifetime|Now listening on: http://localhost:5000 
2021-12-15 13:32:09.7290||INFO|Microsoft.Hosting.Lifetime|Application started. Press Ctrl+C to shut down. 
2021-12-15 13:32:09.7290||INFO|Microsoft.Hosting.Lifetime|Hosting environment: Development 
2021-12-15 13:32:09.7290||INFO|Microsoft.Hosting.Lifetime|Content root path: /home/yusufcan/Masaüstü/Ofisprojesi-master 
2021-12-15 13:32:57.7991||ERROR|ofisprojesi.EmployeeController|UpdatePatch metodu çalıştırılamadı System.ArgumentNullException: Value cannot be null. (Parameter 'objectToApplyTo')
   at Microsoft.AspNetCore.JsonPatch.JsonPatchDocument`1.ApplyTo(TModel objectToApplyTo)
   at ofisprojesi.EmployeeServices.UpdatePatch(Int32 id, JsonPatchDocument`1 name) in /home/yusufcan/Masaüstü/Ofisprojesi-master/services/EmployeeService.cs:line 184
   at ofisprojesi.EmployeeController.UpdatePatch(Int32 id, JsonPatchDocument`1 name) in /home/yusufcan/Masaüstü/Ofisprojesi-master/Controller/EmployeeController.cs:line 220
2021-12-15 13:33:15.2237||ERROR|ofisprojesi.EmployeeController|UpdatePatch metodu çalıştırılamadı System.ArgumentNullException: Value cannot be null. (Parameter 'objectToApplyTo')
   at Microsoft.AspNetCore.JsonPatch.JsonPatchDocument`1.ApplyTo(TModel objectToApplyTo)
   at ofisprojesi.EmployeeServices.UpdatePatch(Int32 id, JsonPatchDocument`1 name) in /home/yusufcan/Masaüstü/Ofisprojesi-master/services/EmployeeService.cs:line 184
   at ofisprojesi.EmployeeController.UpdatePatch(Int32 id, JsonPatchDocument`1 name) in /home/yusufcan/Masaüstü/Ofisprojesi-master/Controller/EmployeeController.cs:line 220
2021-12-15 13:34:32.4496||ERROR|ofisprojesi.EmployeeController|UpdatePatch metodu çalıştırılamadı System.ArgumentNullException: Value cannot be null. (Parameter 'objectToApplyTo')
   at Microsoft.AspNetCore.JsonPatch.JsonPatchDocument`1.ApplyTo(TModel objectToApplyTo)
   at ofisprojesi.EmployeeServices.UpdatePatch(Int32 id, JsonPatchDocument`1 name) in /home/yusufcan/Masaüstü/Ofisprojesi-master/services/EmployeeService.cs:line 184
   at ofisprojesi.EmployeeController.UpdatePatch(Int32 id, JsonPatchDocument`1 name) in /home/yusufcan/Masaüstü/Ofisprojesi-master/Controller/EmployeeController.cs:line 220
2021-12-15 13:35:39.3713||INFO|Microsoft.Hosting.Lifetime|Now listening on: https://localhost:5001 
2021-12-15 13:35:39.3991||INFO|Microsoft.Hosting.Lifetime|Now listening on: http://localhost:5000 
2021-12-15 13:35:39.4006||INFO|Microsoft.Hosting.Lifetime|Application started. Press Ctrl+C to shut down. 
2021-12-15 13:35:39.4006||INFO|Microsoft.Hosting.Lifetime|Hosting environment: Development 
2021-12-15 13:35:39.4006||INFO|Microsoft.Hosting.Lifetime|Content root path: /home/yusufcan/Masaüstü/Ofisprojesi-master 
2021-12-15 13:42:58.0414||INFO|Microsoft.Hosting.Lifetime|Now listening on: https://localhost:5001 
2021-12-15 13:42:58.0616||INFO|Microsoft.Hosting.Lifetime|Now listening on: http://localhost:5000 
2021-12-15 13:42:58.0616||INFO|Microsoft.Hosting.Lifetime|Application started. Press Ctrl+C to shut down. 
2021-12-15 13:42:58.0616||INFO|Microsoft.Hosting.Lifetime|Hosting environment: Development 
2021-12-15 13:42:58.0616||INFO|Microsoft.Hosting.Lifetime|Content root path: /home/yusufcan/Masaüstü/Ofisprojesi-master 
2021-12-15 13:44:26.5846||ERROR|ofisprojesi.EmployeeController|UpdatePatch metodu çalıştırılamadı Microsoft.AspNetCore.JsonPatch.Exceptions.JsonPatchException: The target location specified by path segment 'employee' was not found.
   at Microsoft.AspNetCore.JsonPatch.Internal.ErrorReporter.<>c.<.cctor>b__1_0(JsonPatchError error)
   at Microsoft.AspNetCore.JsonPatch.Adapters.ObjectAdapter.Replace(Operation operation, Object objectToApplyTo)
   at Microsoft.AspNetCore.JsonPatch.Operations.Operation`1.Apply(TModel objectToApplyTo, IObjectAdapter adapter)
   at Microsoft.AspNetCore.JsonPatch.JsonPatchDocument`1.ApplyTo(TModel objectToApplyTo, IObjectAdapter adapter)
   at Microsoft.AspNetCore.JsonPatch.JsonPatchDocument`1.ApplyTo(TModel objectToApplyTo)
   at ofisprojesi.EmployeeServices.UpdatePatch(Int32 id, JsonPatchDocument`1 name) in /home/yusufcan/Masaüstü/Ofisprojesi-master/services/EmployeeService.cs:line 184
   at ofisprojesi.EmployeeController.UpdatePatch(Int32 id, JsonPatchDocument`1 name) in /home/yusufcan/Masaüstü/Ofisprojesi-master/Controller/EmployeeController.cs:line 220
2021-12-15 13:45:16.4825||ERROR|ofisprojesi.EmployeeController|UpdatePatch metodu çalıştırılamadı Microsoft.AspNetCore.JsonPatch.Exceptions.JsonPatchException: The target location specified by path segment 'employee' was not found.
   at Microsoft.AspNetCore.JsonPatch.Internal.ErrorReporter.<>c.<.cctor>b__1_0(JsonPatchError error)
   at Microsoft.AspNetCore.JsonPatch.Adapters.ObjectAdapter.Replace(Operation operation, Object objectToApplyTo)
   at Microsoft.AspNetCore.JsonPatch.Operations.Operation`1.Apply(TModel objectToApplyTo, IObjectAdapter adapter)
   at Microsoft.AspNetCore.JsonPatch.JsonPatchDocument`1.ApplyTo(TModel objectToApplyTo, IObjectAdapter adapter)
   at Microsoft.AspNetCore.JsonPatch.JsonPatchDocument`1.ApplyTo(TModel objectToApplyTo)
   at ofisprojesi.EmployeeServices.UpdatePatch(Int32 id, JsonPatchDocument`1 name) in /home/yusufcan/Masaüstü/Ofisprojesi-master/services/EmployeeService.cs:line 184
   at ofisprojesi.EmployeeController.UpdatePatch(Int32 id, JsonPatchDocument`1 name) in /home/yusufcan/Masaüstü/Ofisprojesi-master/Controller/EmployeeController.cs:line 220
2021-12-15 13:45:42.1829||ERROR|ofisprojesi.EmployeeController|UpdatePatch metodu çalıştırılamadı Microsoft.AspNetCore.JsonPatch.Exceptions.JsonPatchException: The target location specified by path segment 'employee' was not found.
   at Microsoft.AspNetCore.JsonPatch.Internal.ErrorReporter.<>c.<.cctor>b__1_0(JsonPatchError error)
   at Microsoft.AspNetCore.JsonPatch.Adapters.ObjectAdapter.Replace(Operation operation, Object objectToApplyTo)
   at Microsoft.AspNetCore.JsonPatch.Operations.Operation`1.Apply(TModel objectToApplyTo, IObjectAdapter adapter)
   at Microsoft.AspNetCore.JsonPatch.JsonPatchDocument`1.ApplyTo(TModel objectToApplyTo, IObjectAdapter adapter)
   at Microsoft.AspNetCore.JsonPatch.JsonPatchDocument`1.ApplyTo(TModel objectToApplyTo)
   at ofisprojesi.EmployeeServices.UpdatePatch(Int32 id, JsonPatchDocument`1 name) in /home/yusufcan/Masaüstü/Ofisprojesi-master/services/EmployeeService.cs:line 184
   at ofisprojesi.EmployeeController.UpdatePatch(Int32 id, JsonPatchDocument`1 name) in /home/yusufcan/Masaüstü/Ofisprojesi-master/Controller/EmployeeController.cs:line 220
2021-12-15 13:46:06.0704||INFO|Microsoft.Hosting.Lifetime|Now listening on: https://localhost:5001 
2021-12-15 13:46:06.0932||INFO|Microsoft.Hosting.Lifetime|Now listening on: http://localhost:5000 
2021-12-15 13:46:06.0932||INFO|Microsoft.Hosting.Lifetime|Application started. Press Ctrl+C to shut down. 
2021-12-15 13:46:06.0932||INFO|Microsoft.Hosting.Lifetime|Hosting environment: Development 
2021-12-15 13:46:06.0932||INFO|Microsoft.Hosting.Lifetime|Content root path: /home/yusufcan/Masaüstü/Ofisprojesi-master 
2021-12-15 13:46:38.0046||ERROR|ofisprojesi.EmployeeController|UpdatePatch metodu çalıştırılamadı Microsoft.AspNetCore.JsonPatch.Exceptions.JsonPatchException: The target location specified by path segment 'employee' was not found.
   at Microsoft.AspNetCore.JsonPatch.Internal.ErrorReporter.<>c.<.cctor>b__1_0(JsonPatchError error)
   at Microsoft.AspNetCore.JsonPatch.Adapters.ObjectAdapter.Add(String path, Object value, Object objectToApplyTo, Operation operation)
   at Microsoft.AspNetCore.JsonPatch.Adapters.ObjectAdapter.Add(Operation operation, Object objectToApplyTo)
   at Microsoft.AspNetCore.JsonPatch.Operations.Operation`1.Apply(TModel objectToApplyTo, IObjectAdapter adapter)
   at Microsoft.AspNetCore.JsonPatch.JsonPatchDocument`1.ApplyTo(TModel objectToApplyTo, IObjectAdapter adapter)
   at Microsoft.AspNetCore.JsonPatch.JsonPatchDocument`1.ApplyTo(TModel objectToApplyTo)
   at ofisprojesi.EmployeeServices.UpdatePatch(Int32 id, JsonPatchDocument`1 name) in /home/yusufcan/Masaüstü/Ofisprojesi-master/services/EmployeeService.cs:line 184
   at ofisprojesi.EmployeeController.UpdatePatch(Int32 id, JsonPatchDocument`1 name) in /home/yusufcan/Masaüstü/Ofisprojesi-master/Controller/EmployeeController.cs:line 220
2021-12-15 14:06:34.2344||ERROR|ofisprojesi.EmployeeController|UpdatePatch metodu çalıştırılamadı Microsoft.AspNetCore.JsonPatch.Exceptions.JsonPatchException: The target location specified by path segment 'employee' was not found.
   at Microsoft.AspNetCore.JsonPatch.Internal.ErrorReporter.<>c.<.cctor>b__1_0(JsonPatchError error)
   at Microsoft.AspNetCore.JsonPatch.Adapters.ObjectAdapter.Add(String path, Object value, Object objectToApplyTo, Operation operation)
   at Microsoft.AspNetCore.JsonPatch.Adapters.ObjectAdapter.Add(Operation operation, Object objectToApplyTo)
   at Microsoft.AspNetCore.JsonPatch.Operations.Operation`1.Apply(TModel objectToApplyTo, IObjectAdapter adapter)
   at Microsoft.AspNetCore.JsonPatch.JsonPatchDocument`1.ApplyTo(TModel objectToApplyTo, IObjectAdapter adapter)
   at Microsoft.AspNetCore.JsonPatch.JsonPatchDocument`1.ApplyTo(TModel objectToApplyTo)
   at ofisprojesi.EmployeeServices.UpdatePatch(Int32 id, JsonPatchDocument`1 name) in /home/yusufcan/Masaüstü/Ofisprojesi-master/services/EmployeeService.cs:line 184
   at ofisprojesi.EmployeeController.UpdatePatch(Int32 id, JsonPatchDocument`1 name) in /home/yusufcan/Masaüstü/Ofisprojesi-master/Controller/EmployeeController.cs:line 220
2021-12-15 14:07:00.4613||ERROR|ofisprojesi.EmployeeController|UpdatePatch metodu çalıştırılamadı Microsoft.AspNetCore.JsonPatch.Exceptions.JsonPatchException: The target location specified by path segment 'employee' was not found.
   at Microsoft.AspNetCore.JsonPatch.Internal.ErrorReporter.<>c.<.cctor>b__1_0(JsonPatchError error)
   at Microsoft.AspNetCore.JsonPatch.Adapters.ObjectAdapter.Add(String path, Object value, Object objectToApplyTo, Operation operation)
   at Microsoft.AspNetCore.JsonPatch.Adapters.ObjectAdapter.Add(Operation operation, Object objectToApplyTo)
   at Microsoft.AspNetCore.JsonPatch.Operations.Operation`1.Apply(TModel objectToApplyTo, IObjectAdapter adapter)
   at Microsoft.AspNetCore.JsonPatch.JsonPatchDocument`1.ApplyTo(TModel objectToApplyTo, IObjectAdapter adapter)
   at Microsoft.AspNetCore.JsonPatch.JsonPatchDocument`1.ApplyTo(TModel objectToApplyTo)
   at ofisprojesi.EmployeeServices.UpdatePatch(Int32 id, JsonPatchDocument`1 name) in /home/yusufcan/Masaüstü/Ofisprojesi-master/services/EmployeeService.cs:line 184
   at ofisprojesi.EmployeeController.UpdatePatch(Int32 id, JsonPatchDocument`1 name) in /home/yusufcan/Masaüstü/Ofisprojesi-master/Controller/EmployeeController.cs:line 220
2021-12-15 14:07:18.2917||ERROR|ofisprojesi.EmployeeController|UpdatePatch metodu çalıştırılamadı Microsoft.AspNetCore.JsonPatch.Exceptions.JsonPatchException: The target location specified by path segment 'employee' was not found.
   at Microsoft.AspNetCore.JsonPatch.Internal.ErrorReporter.<>c.<.cctor>b__1_0(JsonPatchError error)
   at Microsoft.AspNetCore.JsonPatch.Adapters.ObjectAdapter.Replace(Operation operation, Object objectToApplyTo)
   at Microsoft.AspNetCore.JsonPatch.Operations.Operation`1.Apply(TModel objectToApplyTo, IObjectAdapter adapter)
   at Microsoft.AspNetCore.JsonPatch.JsonPatchDocument`1.ApplyTo(TModel objectToApplyTo, IObjectAdapter adapter)
   at Microsoft.AspNetCore.JsonPatch.JsonPatchDocument`1.ApplyTo(TModel objectToApplyTo)
   at ofisprojesi.EmployeeServices.UpdatePatch(Int32 id, JsonPatchDocument`1 name) in /home/yusufcan/Masaüstü/Ofisprojesi-master/services/EmployeeService.cs:line 184
   at ofisprojesi.EmployeeController.UpdatePatch(Int32 id, JsonPatchDocument`1 name) in /home/yusufcan/Masaüstü/Ofisprojesi-master/Controller/EmployeeController.cs:line 220
2021-12-15 14:14:25.6475||INFO|Microsoft.Hosting.Lifetime|Now listening on: https://localhost:5001 
2021-12-15 14:14:25.6696||INFO|Microsoft.Hosting.Lifetime|Now listening on: http://localhost:5000 
2021-12-15 14:14:25.6696||INFO|Microsoft.Hosting.Lifetime|Application started. Press Ctrl+C to shut down. 
2021-12-15 14:14:25.6696||INFO|Microsoft.Hosting.Lifetime|Hosting environment: Development 
2021-12-15 14:14:25.6696||INFO|Microsoft.Hosting.Lifetime|Content root path: /home/yusufcan/Masaüstü/Ofisprojesi-master 
2021-12-15 14:16:29.8024||INFO|Microsoft.Hosting.Lifetime|Now listening on: https://localhost:5001 
2021-12-15 14:16:29.8259||INFO|Microsoft.Hosting.Lifetime|Now listening on: http://localhost:5000 
2021-12-15 14:16:29.8259||INFO|Microsoft.Hosting.Lifetime|Application started. Press Ctrl+C to shut down. 
2021-12-15 14:16:29.8259||INFO|Microsoft.Hosting.Lifetime|Hosting environment: Development 
2021-12-15 14:16:29.8259||INFO|Microsoft.Hosting.Lifetime|Content root path: /home/yusufcan/Masaüstü/Ofisprojesi-master 
