2022-02-14 09:47:07.2054||INFO|Microsoft.Hosting.Lifetime|Now listening on: https://localhost:5001 
2022-02-14 09:47:07.2347||INFO|Microsoft.Hosting.Lifetime|Now listening on: http://localhost:5000 
2022-02-14 09:47:07.2347||INFO|Microsoft.Hosting.Lifetime|Application started. Press Ctrl+C to shut down. 
2022-02-14 09:47:07.2347||INFO|Microsoft.Hosting.Lifetime|Hosting environment: Development 
2022-02-14 09:47:07.2347||INFO|Microsoft.Hosting.Lifetime|Content root path: /home/yusufcan/Masaüstü/Ofisprojesi-master 
2022-02-14 10:05:58.1474||INFO|Microsoft.Hosting.Lifetime|Now listening on: https://localhost:5001 
2022-02-14 10:05:58.1705||INFO|Microsoft.Hosting.Lifetime|Now listening on: http://localhost:5000 
2022-02-14 10:05:58.1705||INFO|Microsoft.Hosting.Lifetime|Application started. Press Ctrl+C to shut down. 
2022-02-14 10:05:58.1705||INFO|Microsoft.Hosting.Lifetime|Hosting environment: Development 
2022-02-14 10:05:58.1705||INFO|Microsoft.Hosting.Lifetime|Content root path: /home/yusufcan/Masaüstü/Ofisprojesi-master 
2022-02-14 10:09:24.3235||INFO|Microsoft.Hosting.Lifetime|Now listening on: https://localhost:5001 
2022-02-14 10:09:24.3483||INFO|Microsoft.Hosting.Lifetime|Now listening on: http://localhost:5000 
2022-02-14 10:09:24.3494||INFO|Microsoft.Hosting.Lifetime|Application started. Press Ctrl+C to shut down. 
2022-02-14 10:09:24.3494||INFO|Microsoft.Hosting.Lifetime|Hosting environment: Development 
2022-02-14 10:09:24.3494||INFO|Microsoft.Hosting.Lifetime|Content root path: /home/yusufcan/Masaüstü/Ofisprojesi-master 
2022-02-14 10:09:31.8767||ERROR|ofisprojesi.FixtureController|GetFixtureByName metodu çalıştırılamadı 
2022-02-14 10:11:10.8580||ERROR|ofisprojesi.FixtureController|GetFixtureByName metodu çalıştırılamadı 
2022-02-14 10:11:30.2055||INFO|Microsoft.Hosting.Lifetime|Now listening on: https://localhost:5001 
2022-02-14 10:11:30.2321||INFO|Microsoft.Hosting.Lifetime|Now listening on: http://localhost:5000 
2022-02-14 10:11:30.2332||INFO|Microsoft.Hosting.Lifetime|Application started. Press Ctrl+C to shut down. 
2022-02-14 10:11:30.2332||INFO|Microsoft.Hosting.Lifetime|Hosting environment: Development 
2022-02-14 10:11:30.2332||INFO|Microsoft.Hosting.Lifetime|Content root path: /home/yusufcan/Masaüstü/Ofisprojesi-master 
