2022-02-10 11:02:12.4416||INFO|Microsoft.Hosting.Lifetime|Now listening on: https://localhost:5001 
2022-02-10 11:02:12.4666||INFO|Microsoft.Hosting.Lifetime|Now listening on: http://localhost:5000 
2022-02-10 11:02:12.4686||INFO|Microsoft.Hosting.Lifetime|Application started. Press Ctrl+C to shut down. 
2022-02-10 11:02:12.4686||INFO|Microsoft.Hosting.Lifetime|Hosting environment: Development 
2022-02-10 11:02:12.4686||INFO|Microsoft.Hosting.Lifetime|Content root path: /home/yusufcan/Masaüstü/Ofisprojesi-master 
2022-02-10 11:02:37.3614||ERROR|ofisprojesi.FixtureController|GetFixtureByName metodu çalıştırılamadı 
2022-02-10 11:19:40.8260||INFO|Microsoft.Hosting.Lifetime|Now listening on: https://localhost:5001 
2022-02-10 11:19:40.8478||INFO|Microsoft.Hosting.Lifetime|Now listening on: http://localhost:5000 
2022-02-10 11:19:40.8489||INFO|Microsoft.Hosting.Lifetime|Application started. Press Ctrl+C to shut down. 
2022-02-10 11:19:40.8489||INFO|Microsoft.Hosting.Lifetime|Hosting environment: Development 
2022-02-10 11:19:40.8489||INFO|Microsoft.Hosting.Lifetime|Content root path: /home/yusufcan/Masaüstü/Ofisprojesi-master 
2022-02-10 11:19:49.0576||ERROR|ofisprojesi.FixtureController|GetFixtureByName metodu çalıştırılamadı 
2022-02-10 11:19:52.7195||ERROR|ofisprojesi.FixtureController|GetFixtureByName metodu çalıştırılamadı 
2022-02-10 11:19:58.4505||ERROR|ofisprojesi.FixtureController|GetFixtureByName metodu çalıştırılamadı 
2022-02-10 11:22:44.1874||INFO|Microsoft.Hosting.Lifetime|Now listening on: https://localhost:5001 
2022-02-10 11:22:44.2083||INFO|Microsoft.Hosting.Lifetime|Now listening on: http://localhost:5000 
2022-02-10 11:22:44.2083||INFO|Microsoft.Hosting.Lifetime|Application started. Press Ctrl+C to shut down. 
2022-02-10 11:22:44.2083||INFO|Microsoft.Hosting.Lifetime|Hosting environment: Development 
2022-02-10 11:22:44.2083||INFO|Microsoft.Hosting.Lifetime|Content root path: /home/yusufcan/Masaüstü/Ofisprojesi-master 
2022-02-10 11:22:52.9921||ERROR|ofisprojesi.FixtureController|GetFixtureByName metodu çalıştırılamadı 
2022-02-10 11:22:55.1982||ERROR|ofisprojesi.FixtureController|GetFixtureByName metodu çalıştırılamadı 
2022-02-10 11:35:33.4671||INFO|Microsoft.Hosting.Lifetime|Now listening on: https://localhost:5001 
2022-02-10 11:35:33.4896||INFO|Microsoft.Hosting.Lifetime|Now listening on: http://localhost:5000 
2022-02-10 11:35:33.4896||INFO|Microsoft.Hosting.Lifetime|Application started. Press Ctrl+C to shut down. 
2022-02-10 11:35:33.4896||INFO|Microsoft.Hosting.Lifetime|Hosting environment: Development 
2022-02-10 11:35:33.4896||INFO|Microsoft.Hosting.Lifetime|Content root path: /home/yusufcan/Masaüstü/Ofisprojesi-master 
2022-02-10 11:52:34.7185||INFO|Microsoft.Hosting.Lifetime|Now listening on: https://localhost:5001 
2022-02-10 11:52:34.7443||INFO|Microsoft.Hosting.Lifetime|Now listening on: http://localhost:5000 
2022-02-10 11:52:34.7443||INFO|Microsoft.Hosting.Lifetime|Application started. Press Ctrl+C to shut down. 
2022-02-10 11:52:34.7443||INFO|Microsoft.Hosting.Lifetime|Hosting environment: Development 
2022-02-10 11:52:34.7443||INFO|Microsoft.Hosting.Lifetime|Content root path: /home/yusufcan/Masaüstü/Ofisprojesi-master 
2022-02-10 11:52:56.7804||ERROR|ofisprojesi.FixtureController|GetFixtureByName metodu çalıştırılamadı 
2022-02-10 11:53:00.9545||ERROR|ofisprojesi.FixtureController|GetFixtureByName metodu çalıştırılamadı 
2022-02-10 11:53:03.6194||ERROR|ofisprojesi.FixtureController|GetFixtureByName metodu çalıştırılamadı 
2022-02-10 11:53:23.0610||INFO|Microsoft.Hosting.Lifetime|Now listening on: https://localhost:5001 
2022-02-10 11:53:23.0851||INFO|Microsoft.Hosting.Lifetime|Now listening on: http://localhost:5000 
2022-02-10 11:53:23.0851||INFO|Microsoft.Hosting.Lifetime|Application started. Press Ctrl+C to shut down. 
2022-02-10 11:53:23.0851||INFO|Microsoft.Hosting.Lifetime|Hosting environment: Development 
2022-02-10 11:53:23.0851||INFO|Microsoft.Hosting.Lifetime|Content root path: /home/yusufcan/Masaüstü/Ofisprojesi-master 
2022-02-10 11:53:39.1673||ERROR|ofisprojesi.FixtureController|GetFixtureByName metodu çalıştırılamadı 
2022-02-10 11:53:42.4405||ERROR|ofisprojesi.FixtureController|GetFixtureByName metodu çalıştırılamadı 
2022-02-10 13:17:03.1907||INFO|Microsoft.Hosting.Lifetime|Now listening on: https://localhost:5001 
2022-02-10 13:17:03.2172||INFO|Microsoft.Hosting.Lifetime|Now listening on: http://localhost:5000 
2022-02-10 13:17:03.2172||INFO|Microsoft.Hosting.Lifetime|Application started. Press Ctrl+C to shut down. 
2022-02-10 13:17:03.2172||INFO|Microsoft.Hosting.Lifetime|Hosting environment: Development 
2022-02-10 13:17:03.2172||INFO|Microsoft.Hosting.Lifetime|Content root path: /home/yusufcan/Masaüstü/Ofisprojesi-master 
2022-02-10 13:17:42.3056||ERROR|ofisprojesi.FixtureController|GetFixtureByName metodu çalıştırılamadı 
2022-02-10 13:17:49.1893||ERROR|ofisprojesi.FixtureController|GetFixtureByName metodu çalıştırılamadı 
2022-02-10 13:17:52.1670||ERROR|ofisprojesi.FixtureController|GetFixtureByName metodu çalıştırılamadı 
2022-02-10 13:17:54.9086||ERROR|ofisprojesi.FixtureController|GetFixtureByName metodu çalıştırılamadı 
2022-02-10 13:19:28.7743||ERROR|ofisprojesi.FixtureController|GetFixtureByName metodu çalıştırılamadı 
2022-02-10 13:19:38.1928||INFO|Microsoft.Hosting.Lifetime|Now listening on: https://localhost:5001 
2022-02-10 13:19:38.2141||INFO|Microsoft.Hosting.Lifetime|Now listening on: http://localhost:5000 
2022-02-10 13:19:38.2141||INFO|Microsoft.Hosting.Lifetime|Application started. Press Ctrl+C to shut down. 
2022-02-10 13:19:38.2141||INFO|Microsoft.Hosting.Lifetime|Hosting environment: Development 
2022-02-10 13:19:38.2141||INFO|Microsoft.Hosting.Lifetime|Content root path: /home/yusufcan/Masaüstü/Ofisprojesi-master 
2022-02-10 13:21:44.8735||INFO|Microsoft.Hosting.Lifetime|Now listening on: https://localhost:5001 
2022-02-10 13:21:44.8956||INFO|Microsoft.Hosting.Lifetime|Now listening on: http://localhost:5000 
2022-02-10 13:21:44.8967||INFO|Microsoft.Hosting.Lifetime|Application started. Press Ctrl+C to shut down. 
2022-02-10 13:21:44.8967||INFO|Microsoft.Hosting.Lifetime|Hosting environment: Development 
2022-02-10 13:21:44.8967||INFO|Microsoft.Hosting.Lifetime|Content root path: /home/yusufcan/Masaüstü/Ofisprojesi-master 
2022-02-10 13:21:54.6925||ERROR|ofisprojesi.FixtureController|GetFixtureByName metodu çalıştırılamadı 
2022-02-10 13:22:34.1564||ERROR|ofisprojesi.FixtureController|GetFixtureByName metodu çalıştırılamadı 
2022-02-10 13:22:35.0665||ERROR|ofisprojesi.FixtureController|GetFixtureByName metodu çalıştırılamadı 
2022-02-10 13:22:35.6608||ERROR|ofisprojesi.FixtureController|GetFixtureByName metodu çalıştırılamadı 
2022-02-10 13:23:37.4346||ERROR|ofisprojesi.FixtureController|GetFixtureByName metodu çalıştırılamadı 
2022-02-10 13:24:17.1629||INFO|Microsoft.Hosting.Lifetime|Now listening on: https://localhost:5001 
2022-02-10 13:24:17.1868||INFO|Microsoft.Hosting.Lifetime|Now listening on: http://localhost:5000 
2022-02-10 13:24:17.1868||INFO|Microsoft.Hosting.Lifetime|Application started. Press Ctrl+C to shut down. 
2022-02-10 13:24:17.1868||INFO|Microsoft.Hosting.Lifetime|Hosting environment: Development 
2022-02-10 13:24:17.1880||INFO|Microsoft.Hosting.Lifetime|Content root path: /home/yusufcan/Masaüstü/Ofisprojesi-master 
2022-02-10 13:24:47.6516||ERROR|ofisprojesi.FixtureController|GetFixtureByName metodu çalıştırılamadı 
2022-02-10 13:34:37.3006||INFO|Microsoft.Hosting.Lifetime|Now listening on: https://localhost:5001 
2022-02-10 13:34:37.3226||INFO|Microsoft.Hosting.Lifetime|Now listening on: http://localhost:5000 
2022-02-10 13:34:37.3226||INFO|Microsoft.Hosting.Lifetime|Application started. Press Ctrl+C to shut down. 
2022-02-10 13:34:37.3226||INFO|Microsoft.Hosting.Lifetime|Hosting environment: Development 
2022-02-10 13:34:37.3226||INFO|Microsoft.Hosting.Lifetime|Content root path: /home/yusufcan/Masaüstü/Ofisprojesi-master 
2022-02-10 17:14:28.8148||INFO|Microsoft.Hosting.Lifetime|Now listening on: https://localhost:5001 
2022-02-10 17:14:28.8366||INFO|Microsoft.Hosting.Lifetime|Now listening on: http://localhost:5000 
2022-02-10 17:14:28.8366||INFO|Microsoft.Hosting.Lifetime|Application started. Press Ctrl+C to shut down. 
2022-02-10 17:14:28.8366||INFO|Microsoft.Hosting.Lifetime|Hosting environment: Development 
2022-02-10 17:14:28.8366||INFO|Microsoft.Hosting.Lifetime|Content root path: /home/yusufcan/Masaüstü/Ofisprojesi-master 
2022-02-10 17:15:08.2034||ERROR|ofisprojesi.FixtureController|GetFixtureByName metodu çalıştırılamadı 
2022-02-10 17:15:09.3856||ERROR|ofisprojesi.FixtureController|GetFixtureByName metodu çalıştırılamadı 
2022-02-10 17:15:10.1100||ERROR|ofisprojesi.FixtureController|GetFixtureByName metodu çalıştırılamadı 
2022-02-10 17:15:18.6693||ERROR|ofisprojesi.FixtureController|GetFixtureByName metodu çalıştırılamadı 
2022-02-10 17:15:54.2674||ERROR|ofisprojesi.FixtureController|GetFixtureByName metodu çalıştırılamadı 
2022-02-10 17:17:11.7716||INFO|Microsoft.Hosting.Lifetime|Now listening on: https://localhost:5001 
2022-02-10 17:17:11.7933||INFO|Microsoft.Hosting.Lifetime|Now listening on: http://localhost:5000 
2022-02-10 17:17:11.7933||INFO|Microsoft.Hosting.Lifetime|Application started. Press Ctrl+C to shut down. 
2022-02-10 17:17:11.7933||INFO|Microsoft.Hosting.Lifetime|Hosting environment: Development 
2022-02-10 17:17:11.7933||INFO|Microsoft.Hosting.Lifetime|Content root path: /home/yusufcan/Masaüstü/Ofisprojesi-master 
