2022-02-03 09:35:24.9219||INFO|Microsoft.Hosting.Lifetime|Now listening on: https://localhost:5001 
2022-02-03 09:35:24.9472||INFO|Microsoft.Hosting.Lifetime|Now listening on: http://localhost:5000 
2022-02-03 09:35:24.9472||INFO|Microsoft.Hosting.Lifetime|Application started. Press Ctrl+C to shut down. 
2022-02-03 09:35:24.9472||INFO|Microsoft.Hosting.Lifetime|Hosting environment: Development 
2022-02-03 09:35:24.9472||INFO|Microsoft.Hosting.Lifetime|Content root path: /home/yusufcan/Masaüstü/Ofisprojesi-master 
2022-02-03 11:37:47.4107||INFO|Microsoft.Hosting.Lifetime|Now listening on: https://localhost:5001 
2022-02-03 11:37:47.4347||INFO|Microsoft.Hosting.Lifetime|Now listening on: http://localhost:5000 
2022-02-03 11:37:47.4347||INFO|Microsoft.Hosting.Lifetime|Application started. Press Ctrl+C to shut down. 
2022-02-03 11:37:47.4347||INFO|Microsoft.Hosting.Lifetime|Hosting environment: Development 
2022-02-03 11:37:47.4347||INFO|Microsoft.Hosting.Lifetime|Content root path: /home/yusufcan/Masaüstü/Ofisprojesi-master 
2022-02-03 17:21:43.1940||INFO|Microsoft.Hosting.Lifetime|Now listening on: https://localhost:5001 
2022-02-03 17:21:43.2474||INFO|Microsoft.Hosting.Lifetime|Now listening on: http://localhost:5000 
2022-02-03 17:21:43.2474||INFO|Microsoft.Hosting.Lifetime|Application started. Press Ctrl+C to shut down. 
2022-02-03 17:21:43.2474||INFO|Microsoft.Hosting.Lifetime|Hosting environment: Development 
2022-02-03 17:21:43.2474||INFO|Microsoft.Hosting.Lifetime|Content root path: /home/yusufcan/Masaüstü/Ofisprojesi-master 
2022-02-03 17:43:08.2403||INFO|Microsoft.Hosting.Lifetime|Now listening on: https://localhost:5001 
2022-02-03 17:43:08.2648||INFO|Microsoft.Hosting.Lifetime|Now listening on: http://localhost:5000 
2022-02-03 17:43:08.2648||INFO|Microsoft.Hosting.Lifetime|Application started. Press Ctrl+C to shut down. 
2022-02-03 17:43:08.2664||INFO|Microsoft.Hosting.Lifetime|Hosting environment: Development 
2022-02-03 17:43:08.2664||INFO|Microsoft.Hosting.Lifetime|Content root path: /home/yusufcan/Masaüstü/Ofisprojesi-master 
