2022-01-06 10:21:52.4037||INFO|Microsoft.Hosting.Lifetime|Now listening on: https://localhost:5001 
2022-01-06 10:21:52.4265||INFO|Microsoft.Hosting.Lifetime|Now listening on: http://localhost:5000 
2022-01-06 10:21:52.4265||INFO|Microsoft.Hosting.Lifetime|Application started. Press Ctrl+C to shut down. 
2022-01-06 10:21:52.4265||INFO|Microsoft.Hosting.Lifetime|Hosting environment: Development 
2022-01-06 10:21:52.4287||INFO|Microsoft.Hosting.Lifetime|Content root path: /home/yusufcan/Masaüstü/Ofisprojesi-master 
2022-01-06 11:19:45.9963||INFO|Microsoft.Hosting.Lifetime|Now listening on: https://localhost:5001 
2022-01-06 11:19:46.0198||INFO|Microsoft.Hosting.Lifetime|Now listening on: http://localhost:5000 
2022-01-06 11:19:46.0215||INFO|Microsoft.Hosting.Lifetime|Application started. Press Ctrl+C to shut down. 
2022-01-06 11:19:46.0215||INFO|Microsoft.Hosting.Lifetime|Hosting environment: Development 
2022-01-06 11:19:46.0215||INFO|Microsoft.Hosting.Lifetime|Content root path: /home/yusufcan/Masaüstü/Ofisprojesi-master 
2022-01-06 11:46:46.6045||INFO|Microsoft.Hosting.Lifetime|Now listening on: https://localhost:5001 
2022-01-06 11:46:46.6252||INFO|Microsoft.Hosting.Lifetime|Now listening on: http://localhost:5000 
2022-01-06 11:46:46.6252||INFO|Microsoft.Hosting.Lifetime|Application started. Press Ctrl+C to shut down. 
2022-01-06 11:46:46.6252||INFO|Microsoft.Hosting.Lifetime|Hosting environment: Development 
2022-01-06 11:46:46.6252||INFO|Microsoft.Hosting.Lifetime|Content root path: /home/yusufcan/Masaüstü/Ofisprojesi-master 
2022-01-06 13:40:40.0159||INFO|Microsoft.Hosting.Lifetime|Now listening on: https://localhost:5001 
2022-01-06 13:40:40.0436||INFO|Microsoft.Hosting.Lifetime|Now listening on: http://localhost:5000 
2022-01-06 13:40:40.0446||INFO|Microsoft.Hosting.Lifetime|Application started. Press Ctrl+C to shut down. 
2022-01-06 13:40:40.0446||INFO|Microsoft.Hosting.Lifetime|Hosting environment: Development 
2022-01-06 13:40:40.0446||INFO|Microsoft.Hosting.Lifetime|Content root path: /home/yusufcan/Masaüstü/Ofisprojesi-master 
2022-01-06 13:45:56.9027||INFO|Microsoft.Hosting.Lifetime|Now listening on: https://localhost:5001 
2022-01-06 13:45:56.9260||INFO|Microsoft.Hosting.Lifetime|Now listening on: http://localhost:5000 
2022-01-06 13:45:56.9260||INFO|Microsoft.Hosting.Lifetime|Application started. Press Ctrl+C to shut down. 
2022-01-06 13:45:56.9260||INFO|Microsoft.Hosting.Lifetime|Hosting environment: Development 
2022-01-06 13:45:56.9260||INFO|Microsoft.Hosting.Lifetime|Content root path: /home/yusufcan/Masaüstü/Ofisprojesi-master 
2022-01-06 14:21:14.1549||INFO|Microsoft.Hosting.Lifetime|Now listening on: https://localhost:5001 
2022-01-06 14:21:14.1777||INFO|Microsoft.Hosting.Lifetime|Now listening on: http://localhost:5000 
2022-01-06 14:21:14.1777||INFO|Microsoft.Hosting.Lifetime|Application started. Press Ctrl+C to shut down. 
2022-01-06 14:21:14.1777||INFO|Microsoft.Hosting.Lifetime|Hosting environment: Development 
2022-01-06 14:21:14.1777||INFO|Microsoft.Hosting.Lifetime|Content root path: /home/yusufcan/Masaüstü/Ofisprojesi-master 
2022-01-06 14:46:24.9558||INFO|Microsoft.Hosting.Lifetime|Now listening on: https://localhost:5001 
2022-01-06 14:46:25.0068||INFO|Microsoft.Hosting.Lifetime|Now listening on: http://localhost:5000 
2022-01-06 14:46:25.0068||INFO|Microsoft.Hosting.Lifetime|Application started. Press Ctrl+C to shut down. 
2022-01-06 14:46:25.0068||INFO|Microsoft.Hosting.Lifetime|Hosting environment: Development 
2022-01-06 14:46:25.0068||INFO|Microsoft.Hosting.Lifetime|Content root path: /home/yusufcan/Masaüstü/Ofisprojesi-master 
2022-01-06 14:46:39.8095||INFO|Microsoft.Hosting.Lifetime|Now listening on: https://localhost:5001 
2022-01-06 14:46:39.8374||INFO|Microsoft.Hosting.Lifetime|Now listening on: http://localhost:5000 
2022-01-06 14:46:39.8374||INFO|Microsoft.Hosting.Lifetime|Application started. Press Ctrl+C to shut down. 
2022-01-06 14:46:39.8374||INFO|Microsoft.Hosting.Lifetime|Hosting environment: Development 
2022-01-06 14:46:39.8374||INFO|Microsoft.Hosting.Lifetime|Content root path: /home/yusufcan/Masaüstü/Ofisprojesi-master 
2022-01-06 14:55:55.4577||INFO|Microsoft.Hosting.Lifetime|Now listening on: https://localhost:5001 
2022-01-06 14:55:55.4861||INFO|Microsoft.Hosting.Lifetime|Now listening on: http://localhost:5000 
2022-01-06 14:55:55.4861||INFO|Microsoft.Hosting.Lifetime|Application started. Press Ctrl+C to shut down. 
2022-01-06 14:55:55.4861||INFO|Microsoft.Hosting.Lifetime|Hosting environment: Development 
2022-01-06 14:55:55.4861||INFO|Microsoft.Hosting.Lifetime|Content root path: /home/yusufcan/Masaüstü/Ofisprojesi-master 
2022-01-06 14:59:02.7703||INFO|Microsoft.Hosting.Lifetime|Now listening on: https://localhost:5001 
2022-01-06 14:59:02.7933||INFO|Microsoft.Hosting.Lifetime|Now listening on: http://localhost:5000 
2022-01-06 14:59:02.7933||INFO|Microsoft.Hosting.Lifetime|Application started. Press Ctrl+C to shut down. 
2022-01-06 14:59:02.7933||INFO|Microsoft.Hosting.Lifetime|Hosting environment: Development 
2022-01-06 14:59:02.7933||INFO|Microsoft.Hosting.Lifetime|Content root path: /home/yusufcan/Masaüstü/Ofisprojesi-master 
2022-01-06 15:03:06.0946||INFO|Microsoft.Hosting.Lifetime|Now listening on: https://localhost:5001 
2022-01-06 15:03:06.1203||INFO|Microsoft.Hosting.Lifetime|Now listening on: http://localhost:5000 
2022-01-06 15:03:06.1216||INFO|Microsoft.Hosting.Lifetime|Application started. Press Ctrl+C to shut down. 
2022-01-06 15:03:06.1216||INFO|Microsoft.Hosting.Lifetime|Hosting environment: Development 
2022-01-06 15:03:06.1216||INFO|Microsoft.Hosting.Lifetime|Content root path: /home/yusufcan/Masaüstü/Ofisprojesi-master 
2022-01-06 17:31:21.2389||INFO|Microsoft.Hosting.Lifetime|Now listening on: https://localhost:5001 
2022-01-06 17:31:21.2610||INFO|Microsoft.Hosting.Lifetime|Now listening on: http://localhost:5000 
2022-01-06 17:31:21.2610||INFO|Microsoft.Hosting.Lifetime|Application started. Press Ctrl+C to shut down. 
2022-01-06 17:31:21.2610||INFO|Microsoft.Hosting.Lifetime|Hosting environment: Development 
2022-01-06 17:31:21.2610||INFO|Microsoft.Hosting.Lifetime|Content root path: /home/yusufcan/Masaüstü/Ofisprojesi-master 
2022-01-06 17:52:55.3945||INFO|Microsoft.Hosting.Lifetime|Now listening on: https://localhost:5001 
2022-01-06 17:52:55.4162||INFO|Microsoft.Hosting.Lifetime|Now listening on: http://localhost:5000 
2022-01-06 17:52:55.4174||INFO|Microsoft.Hosting.Lifetime|Application started. Press Ctrl+C to shut down. 
2022-01-06 17:52:55.4174||INFO|Microsoft.Hosting.Lifetime|Hosting environment: Development 
2022-01-06 17:52:55.4174||INFO|Microsoft.Hosting.Lifetime|Content root path: /home/yusufcan/Masaüstü/Ofisprojesi-master 
