2022-02-22 10:28:18.0250||INFO|Microsoft.Hosting.Lifetime|Now listening on: https://localhost:5001 
2022-02-22 10:28:18.0465||INFO|Microsoft.Hosting.Lifetime|Now listening on: http://localhost:5000 
2022-02-22 10:28:18.0465||INFO|Microsoft.Hosting.Lifetime|Application started. Press Ctrl+C to shut down. 
2022-02-22 10:28:18.0465||INFO|Microsoft.Hosting.Lifetime|Hosting environment: Development 
2022-02-22 10:28:18.0465||INFO|Microsoft.Hosting.Lifetime|Content root path: /home/yusufcan/Masaüstü/Ofisprojesi-master 
2022-02-22 10:34:51.9701||INFO|Microsoft.Hosting.Lifetime|Now listening on: https://localhost:5001 
2022-02-22 10:34:52.0278||INFO|Microsoft.Hosting.Lifetime|Now listening on: http://localhost:5000 
2022-02-22 10:34:52.0278||INFO|Microsoft.Hosting.Lifetime|Application started. Press Ctrl+C to shut down. 
2022-02-22 10:34:52.0278||INFO|Microsoft.Hosting.Lifetime|Hosting environment: Development 
2022-02-22 10:34:52.0298||INFO|Microsoft.Hosting.Lifetime|Content root path: /home/yusufcan/Masaüstü/Ofisprojesi-master 
2022-02-22 10:36:39.4576||INFO|Microsoft.Hosting.Lifetime|Now listening on: https://localhost:5001 
2022-02-22 10:36:39.5080||INFO|Microsoft.Hosting.Lifetime|Now listening on: http://localhost:5000 
2022-02-22 10:36:39.5080||INFO|Microsoft.Hosting.Lifetime|Application started. Press Ctrl+C to shut down. 
2022-02-22 10:36:39.5080||INFO|Microsoft.Hosting.Lifetime|Hosting environment: Development 
2022-02-22 10:36:39.5080||INFO|Microsoft.Hosting.Lifetime|Content root path: /home/yusufcan/Masaüstü/Ofisprojesi-master 
2022-02-22 10:45:56.0921||INFO|Microsoft.Hosting.Lifetime|Now listening on: https://localhost:5001 
2022-02-22 10:45:56.1124||INFO|Microsoft.Hosting.Lifetime|Now listening on: http://localhost:5000 
2022-02-22 10:45:56.1124||INFO|Microsoft.Hosting.Lifetime|Application started. Press Ctrl+C to shut down. 
2022-02-22 10:45:56.1124||INFO|Microsoft.Hosting.Lifetime|Hosting environment: Development 
2022-02-22 10:45:56.1124||INFO|Microsoft.Hosting.Lifetime|Content root path: /home/yusufcan/Masaüstü/Ofisprojesi-master 
2022-02-22 10:47:29.6386||INFO|Microsoft.Hosting.Lifetime|Now listening on: https://localhost:5001 
2022-02-22 10:47:29.6860||INFO|Microsoft.Hosting.Lifetime|Now listening on: http://localhost:5000 
2022-02-22 10:47:29.6860||INFO|Microsoft.Hosting.Lifetime|Application started. Press Ctrl+C to shut down. 
2022-02-22 10:47:29.6860||INFO|Microsoft.Hosting.Lifetime|Hosting environment: Development 
2022-02-22 10:47:29.6860||INFO|Microsoft.Hosting.Lifetime|Content root path: /home/yusufcan/Masaüstü/Ofisprojesi-master 
2022-02-22 10:48:59.9920||INFO|Microsoft.Hosting.Lifetime|Now listening on: https://localhost:5001 
2022-02-22 10:49:00.0178||INFO|Microsoft.Hosting.Lifetime|Now listening on: http://localhost:5000 
2022-02-22 10:49:00.0191||INFO|Microsoft.Hosting.Lifetime|Application started. Press Ctrl+C to shut down. 
2022-02-22 10:49:00.0191||INFO|Microsoft.Hosting.Lifetime|Hosting environment: Development 
2022-02-22 10:49:00.0191||INFO|Microsoft.Hosting.Lifetime|Content root path: /home/yusufcan/Masaüstü/Ofisprojesi-master 
2022-02-22 10:50:56.6906||INFO|Microsoft.Hosting.Lifetime|Now listening on: https://localhost:5001 
2022-02-22 10:50:56.7105||INFO|Microsoft.Hosting.Lifetime|Now listening on: http://localhost:5000 
2022-02-22 10:50:56.7105||INFO|Microsoft.Hosting.Lifetime|Application started. Press Ctrl+C to shut down. 
2022-02-22 10:50:56.7105||INFO|Microsoft.Hosting.Lifetime|Hosting environment: Development 
2022-02-22 10:50:56.7105||INFO|Microsoft.Hosting.Lifetime|Content root path: /home/yusufcan/Masaüstü/Ofisprojesi-master 
2022-02-22 10:53:23.0497||INFO|Microsoft.Hosting.Lifetime|Now listening on: https://localhost:5001 
2022-02-22 10:53:23.0773||INFO|Microsoft.Hosting.Lifetime|Now listening on: http://localhost:5000 
2022-02-22 10:53:23.0782||INFO|Microsoft.Hosting.Lifetime|Application started. Press Ctrl+C to shut down. 
2022-02-22 10:53:23.0782||INFO|Microsoft.Hosting.Lifetime|Hosting environment: Development 
2022-02-22 10:53:23.0782||INFO|Microsoft.Hosting.Lifetime|Content root path: /home/yusufcan/Masaüstü/Ofisprojesi-master 
2022-02-22 10:54:46.0917||INFO|Microsoft.Hosting.Lifetime|Now listening on: https://localhost:5001 
2022-02-22 10:54:46.1438||INFO|Microsoft.Hosting.Lifetime|Now listening on: http://localhost:5000 
2022-02-22 10:54:46.1438||INFO|Microsoft.Hosting.Lifetime|Application started. Press Ctrl+C to shut down. 
2022-02-22 10:54:46.1438||INFO|Microsoft.Hosting.Lifetime|Hosting environment: Development 
2022-02-22 10:54:46.1438||INFO|Microsoft.Hosting.Lifetime|Content root path: /home/yusufcan/Masaüstü/Ofisprojesi-master 
